[2021-02-17T22:49:55.550] [INFO] pinus - [gate-server-1 application.js] application inited: "gate-server-1"
[2021-02-17T22:49:55.559] [DEBUG] pinus - [gate-server-1 protobuf.js] ProtobufComponent options: {}
[2021-02-17T22:49:56.107] [INFO] pinus - [gate-server-1 application.js] "gate-server-1" enter before start...
[2021-02-17T22:49:56.108] [INFO] pinus - [gate-server-1 application.js] "gate-server-1" enter start...
[2021-02-17T22:49:56.108] [INFO] logger - [gate-server-1 console] TestComponent  start gate-server-1
[2021-02-17T22:49:56.767] [INFO] pinus - [gate-server-1 application.js] "gate-server-1" enter after start...
[2021-02-17T22:49:56.778] [INFO] pinus - [gate-server-1 application.js] "gate-server-1" finish start
[2021-02-17T22:49:56.778] [INFO] pinus - [gate-server-1 application.js] "gate-server-1" startup in 1220 ms
[2021-02-17T22:49:57.439] [DEBUG] pinus - [gate-server-1 monitorwatcher.js] [gate-server-1] receive addServer signal: {"action":"addServer","server":{"main":"/Users/mac/Documents/FrameworkSpace/EasyGameFrameworkOpen/examples/pinus-enet-chat/game-server/tsrun.js","env":"development","id":"connector-server-1","host":"127.0.0.1","port":4050,"clientPort":3050,"frontend":"true","args":"--inspect=10001","serverType":"connector","remoterPaths":[{"namespace":"sys","serverType":"connector","path":"/Users/mac/Documents/FrameworkSpace/EasyGameFrameworkOpen/examples/pinus-enet-chat/game-server/node_modules/pinus/dist/lib/common/remote/frontend"}],"handlerPaths":["/Users/mac/Documents/FrameworkSpace/EasyGameFrameworkOpen/examples/pinus-enet-chat/game-server/app/servers/connector/handler"],"pid":19629}}
[2021-02-17T23:00:39.516] [DEBUG] pinus - [gate-server-1 connector.js] [gate-server-1] getSession session is created with session id: 1
[2021-02-17T23:00:58.891] [DEBUG] pinus - [gate-server-1 switcher.js] connection error:read ECONNRESET, the remote ip is ::ffff:127.0.0.1 && port is 59725
[2021-02-17T23:00:58.899] [DEBUG] pinus - [gate-server-1 sessionService.js] session on [gate-server-1] is closed with session id: 1,uid:null,reason:1001
[2021-02-17T23:01:03.581] [DEBUG] pinus - [gate-server-1 connector.js] [gate-server-1] getSession session is created with session id: 2
[2021-02-17T23:02:32.376] [DEBUG] pinus - [gate-server-1 switcher.js] connection error:read ECONNRESET, the remote ip is ::ffff:127.0.0.1 && port is 59826
[2021-02-17T23:02:32.377] [DEBUG] pinus - [gate-server-1 sessionService.js] session on [gate-server-1] is closed with session id: 2,uid:null,reason:1001
[2021-02-17T23:02:56.495] [DEBUG] pinus - [gate-server-1 connector.js] [gate-server-1] getSession session is created with session id: 3
[2021-02-17T23:13:09.858] [DEBUG] pinus - [gate-server-1 sessionService.js] session on [gate-server-1] is closed with session id: 3,uid:null,reason:1006
[2021-02-17T23:21:59.852] [INFO] pinus - [gate-server-1 application.js] application inited: "gate-server-1"
[2021-02-17T23:21:59.860] [DEBUG] pinus - [gate-server-1 protobuf.js] ProtobufComponent options: {}
[2021-02-17T23:22:00.436] [INFO] pinus - [gate-server-1 application.js] "gate-server-1" enter before start...
[2021-02-17T23:22:00.437] [INFO] pinus - [gate-server-1 application.js] "gate-server-1" enter start...
[2021-02-17T23:22:00.438] [INFO] logger - [gate-server-1 console] TestComponent  start gate-server-1
[2021-02-17T23:22:00.766] [INFO] pinus - [gate-server-1 application.js] "gate-server-1" enter after start...
[2021-02-17T23:22:00.773] [INFO] pinus - [gate-server-1 application.js] "gate-server-1" finish start
[2021-02-17T23:22:00.776] [INFO] pinus - [gate-server-1 application.js] "gate-server-1" startup in 918 ms
[2021-02-17T23:22:02.252] [DEBUG] pinus - [gate-server-1 monitorwatcher.js] [gate-server-1] receive addServer signal: {"action":"addServer","server":{"main":"/Users/mac/Documents/FrameworkSpace/EasyGameFrameworkOpen/examples/pinus-enet-chat/game-server/tsrun.js","env":"development","id":"connector-server-1","host":"127.0.0.1","port":4050,"clientPort":3050,"frontend":"true","args":"--inspect=10001","serverType":"connector","remoterPaths":[{"namespace":"sys","serverType":"connector","path":"/Users/mac/Documents/FrameworkSpace/EasyGameFrameworkOpen/examples/pinus-enet-chat/game-server/node_modules/pinus/dist/lib/common/remote/frontend"}],"handlerPaths":["/Users/mac/Documents/FrameworkSpace/EasyGameFrameworkOpen/examples/pinus-enet-chat/game-server/app/servers/connector/handler"],"pid":20685}}
[2021-02-17T23:22:46.739] [DEBUG] pinus - [gate-server-1 connector.js] [gate-server-1] getSession session is created with session id: 1
[2021-02-17T23:23:13.895] [DEBUG] pinus - [gate-server-1 switcher.js] connection error:read ECONNRESET, the remote ip is ::ffff:127.0.0.1 && port is 63269
[2021-02-17T23:23:13.900] [DEBUG] pinus - [gate-server-1 sessionService.js] session on [gate-server-1] is closed with session id: 1,uid:null,reason:1001
[2021-02-17T23:23:19.925] [DEBUG] pinus - [gate-server-1 connector.js] [gate-server-1] getSession session is created with session id: 2
[2021-02-17T23:27:05.761] [DEBUG] pinus - [gate-server-1 switcher.js] connection error:read ECONNRESET, the remote ip is ::ffff:127.0.0.1 && port is 63414
[2021-02-17T23:27:05.763] [DEBUG] pinus - [gate-server-1 sessionService.js] session on [gate-server-1] is closed with session id: 2,uid:null,reason:1001
[2021-02-17T23:27:16.479] [DEBUG] pinus - [gate-server-1 connector.js] [gate-server-1] getSession session is created with session id: 3
[2021-02-17T23:27:55.453] [DEBUG] pinus - [gate-server-1 switcher.js] connection error:read ECONNRESET, the remote ip is ::ffff:127.0.0.1 && port is 64383
[2021-02-17T23:27:55.455] [DEBUG] pinus - [gate-server-1 sessionService.js] session on [gate-server-1] is closed with session id: 3,uid:null,reason:1001
[2021-02-17T23:28:08.304] [DEBUG] pinus - [gate-server-1 connector.js] [gate-server-1] getSession session is created with session id: 4
[2021-02-17T23:30:43.510] [DEBUG] pinus - [gate-server-1 switcher.js] connection error:read ECONNRESET, the remote ip is ::ffff:127.0.0.1 && port is 64596
[2021-02-17T23:30:43.512] [DEBUG] pinus - [gate-server-1 sessionService.js] session on [gate-server-1] is closed with session id: 4,uid:null,reason:1001
[2021-02-17T23:30:57.916] [DEBUG] pinus - [gate-server-1 connector.js] [gate-server-1] getSession session is created with session id: 5
[2021-02-17T23:35:21.104] [DEBUG] pinus - [gate-server-1 switcher.js] connection error:read ECONNRESET, the remote ip is ::ffff:127.0.0.1 && port is 65292
[2021-02-17T23:35:21.106] [DEBUG] pinus - [gate-server-1 sessionService.js] session on [gate-server-1] is closed with session id: 5,uid:null,reason:1001
[2021-02-17T23:35:39.136] [DEBUG] pinus - [gate-server-1 connector.js] [gate-server-1] getSession session is created with session id: 6
[2021-02-17T23:35:50.921] [DEBUG] pinus - [gate-server-1 connector.js] [gate-server-1] send message reqId: 1, route: gate.gateHandler.queryEntry, msg: {"code":200,"host":"127.0.0.1","port":3050}, receivers: [6], opts: {"type":"response"}
[2021-02-17T23:35:50.922] [INFO] logger - [gate-server-1 console] global after  null {
  route: 'gate.gateHandler.queryEntry',
  serverType: 'gate',
  handler: 'gateHandler',
  method: 'queryEntry'
} {
  id: 1,
  type: 0,
  compressRoute: 0,
  route: 'gate.gateHandler.queryEntry',
  body: { uid: 'ailhc' },
  compressGzip: 0
}
[2021-02-17T23:36:58.169] [DEBUG] pinus - [gate-server-1 switcher.js] connection error:read ECONNRESET, the remote ip is ::ffff:127.0.0.1 && port is 50080
[2021-02-17T23:36:58.170] [DEBUG] pinus - [gate-server-1 sessionService.js] session on [gate-server-1] is closed with session id: 6,uid:null,reason:1001
[2021-02-17T23:37:07.614] [DEBUG] pinus - [gate-server-1 connector.js] [gate-server-1] getSession session is created with session id: 7
[2021-02-17T23:37:12.480] [DEBUG] pinus - [gate-server-1 connector.js] [gate-server-1] send message reqId: 1, route: gate.gateHandler.queryEntry, msg: {"code":200,"host":"127.0.0.1","port":3050}, receivers: [7], opts: {"type":"response"}
[2021-02-17T23:37:12.481] [INFO] logger - [gate-server-1 console] global after  null {
  route: 'gate.gateHandler.queryEntry',
  serverType: 'gate',
  handler: 'gateHandler',
  method: 'queryEntry'
} {
  id: 1,
  type: 0,
  compressRoute: 0,
  route: 'gate.gateHandler.queryEntry',
  body: { uid: 'ailhc' },
  compressGzip: 0
}
[2021-02-17T23:37:47.929] [DEBUG] pinus - [gate-server-1 switcher.js] connection error:read ECONNRESET, the remote ip is ::ffff:127.0.0.1 && port is 50455
[2021-02-17T23:37:47.931] [DEBUG] pinus - [gate-server-1 sessionService.js] session on [gate-server-1] is closed with session id: 7,uid:null,reason:1001
[2021-02-17T23:38:04.558] [DEBUG] pinus - [gate-server-1 connector.js] [gate-server-1] getSession session is created with session id: 8
[2021-02-17T23:38:08.279] [DEBUG] pinus - [gate-server-1 connector.js] [gate-server-1] send message reqId: 1, route: gate.gateHandler.queryEntry, msg: {"code":200,"host":"127.0.0.1","port":3050}, receivers: [8], opts: {"type":"response"}
[2021-02-17T23:38:08.279] [INFO] logger - [gate-server-1 console] global after  null {
  route: 'gate.gateHandler.queryEntry',
  serverType: 'gate',
  handler: 'gateHandler',
  method: 'queryEntry'
} {
  id: 1,
  type: 0,
  compressRoute: 0,
  route: 'gate.gateHandler.queryEntry',
  body: { uid: 'ailhc' },
  compressGzip: 0
}
[2021-02-17T23:38:10.885] [DEBUG] pinus - [gate-server-1 sessionService.js] session on [gate-server-1] is closed with session id: 8,uid:null,reason:1005
[2021-02-17T23:39:33.661] [DEBUG] pinus - [gate-server-1 connector.js] [gate-server-1] getSession session is created with session id: 9
[2021-02-17T23:39:44.267] [DEBUG] pinus - [gate-server-1 connector.js] [gate-server-1] send message reqId: 1, route: gate.gateHandler.queryEntry, msg: {"code":200,"host":"127.0.0.1","port":3050}, receivers: [9], opts: {"type":"response"}
[2021-02-17T23:39:44.267] [INFO] logger - [gate-server-1 console] global after  null {
  route: 'gate.gateHandler.queryEntry',
  serverType: 'gate',
  handler: 'gateHandler',
  method: 'queryEntry'
} {
  id: 1,
  type: 0,
  compressRoute: 0,
  route: 'gate.gateHandler.queryEntry',
  body: { uid: 'ailhc' },
  compressGzip: 0
}
[2021-02-17T23:39:50.954] [DEBUG] pinus - [gate-server-1 sessionService.js] session on [gate-server-1] is closed with session id: 9,uid:null,reason:1005
[2021-02-17T23:40:13.011] [DEBUG] pinus - [gate-server-1 connector.js] [gate-server-1] getSession session is created with session id: 10
[2021-02-17T23:40:14.929] [DEBUG] pinus - [gate-server-1 connector.js] [gate-server-1] send message reqId: 1, route: gate.gateHandler.queryEntry, msg: {"code":200,"host":"127.0.0.1","port":3050}, receivers: [10], opts: {"type":"response"}
[2021-02-17T23:40:14.930] [INFO] logger - [gate-server-1 console] global after  null {
  route: 'gate.gateHandler.queryEntry',
  serverType: 'gate',
  handler: 'gateHandler',
  method: 'queryEntry'
} {
  id: 1,
  type: 0,
  compressRoute: 0,
  route: 'gate.gateHandler.queryEntry',
  body: { uid: 'ailhc' },
  compressGzip: 0
}
[2021-02-17T23:40:14.938] [DEBUG] pinus - [gate-server-1 sessionService.js] session on [gate-server-1] is closed with session id: 10,uid:null,reason:1005
[2021-02-17T23:40:32.988] [DEBUG] pinus - [gate-server-1 connector.js] [gate-server-1] getSession session is created with session id: 11
[2021-02-17T23:40:35.087] [DEBUG] pinus - [gate-server-1 connector.js] [gate-server-1] send message reqId: 1, route: gate.gateHandler.queryEntry, msg: {"code":200,"host":"127.0.0.1","port":3050}, receivers: [11], opts: {"type":"response"}
[2021-02-17T23:40:35.088] [INFO] logger - [gate-server-1 console] global after  null {
  route: 'gate.gateHandler.queryEntry',
  serverType: 'gate',
  handler: 'gateHandler',
  method: 'queryEntry'
} {
  id: 1,
  type: 0,
  compressRoute: 0,
  route: 'gate.gateHandler.queryEntry',
  body: { uid: 'ailhc' },
  compressGzip: 0
}
[2021-02-17T23:40:35.091] [DEBUG] pinus - [gate-server-1 sessionService.js] session on [gate-server-1] is closed with session id: 11,uid:null,reason:1005
[2021-02-17T23:45:32.860] [DEBUG] pinus - [gate-server-1 connector.js] [gate-server-1] getSession session is created with session id: 12
[2021-02-17T23:45:44.946] [DEBUG] pinus - [gate-server-1 connector.js] [gate-server-1] send message reqId: 1, route: gate.gateHandler.queryEntry, msg: {"code":200,"host":"127.0.0.1","port":3050}, receivers: [12], opts: {"type":"response"}
[2021-02-17T23:45:44.947] [INFO] logger - [gate-server-1 console] global after  null {
  route: 'gate.gateHandler.queryEntry',
  serverType: 'gate',
  handler: 'gateHandler',
  method: 'queryEntry'
} {
  id: 1,
  type: 0,
  compressRoute: 0,
  route: 'gate.gateHandler.queryEntry',
  body: { uid: 'ailhc' },
  compressGzip: 0
}
[2021-02-17T23:46:16.901] [DEBUG] pinus - [gate-server-1 sessionService.js] session on [gate-server-1] is closed with session id: 12,uid:null,reason:1005
[2021-02-17T23:49:04.834] [INFO] pinus - [gate-server-1 application.js] application inited: "gate-server-1"
[2021-02-17T23:49:04.841] [DEBUG] pinus - [gate-server-1 protobuf.js] ProtobufComponent options: {}
[2021-02-17T23:49:05.617] [INFO] pinus - [gate-server-1 application.js] "gate-server-1" enter before start...
[2021-02-17T23:49:05.618] [INFO] pinus - [gate-server-1 application.js] "gate-server-1" enter start...
[2021-02-17T23:49:05.618] [INFO] logger - [gate-server-1 console] TestComponent  start gate-server-1
[2021-02-17T23:49:06.263] [INFO] pinus - [gate-server-1 application.js] "gate-server-1" enter after start...
[2021-02-17T23:49:06.268] [INFO] pinus - [gate-server-1 application.js] "gate-server-1" finish start
[2021-02-17T23:49:06.268] [INFO] pinus - [gate-server-1 application.js] "gate-server-1" startup in 1429 ms
[2021-02-17T23:49:07.592] [DEBUG] pinus - [gate-server-1 monitorwatcher.js] [gate-server-1] receive addServer signal: {"action":"addServer","server":{"main":"/Users/mac/Documents/FrameworkSpace/EasyGameFrameworkOpen/examples/pinus-enet-chat/game-server/tsrun.js","env":"development","id":"connector-server-1","host":"127.0.0.1","port":4050,"clientPort":3050,"frontend":"true","args":"--inspect=10001","serverType":"connector","remoterPaths":[{"namespace":"sys","serverType":"connector","path":"/Users/mac/Documents/FrameworkSpace/EasyGameFrameworkOpen/examples/pinus-enet-chat/game-server/node_modules/pinus/dist/lib/common/remote/frontend"}],"handlerPaths":["/Users/mac/Documents/FrameworkSpace/EasyGameFrameworkOpen/examples/pinus-enet-chat/game-server/app/servers/connector/handler"],"pid":21416}}
[2021-02-17T23:53:58.303] [DEBUG] pinus - [gate-server-1 connector.js] [gate-server-1] getSession session is created with session id: 1
[2021-02-17T23:56:51.687] [DEBUG] pinus - [gate-server-1 switcher.js] connection error:read ECONNRESET, the remote ip is ::ffff:127.0.0.1 && port is 56702
[2021-02-17T23:56:51.697] [DEBUG] pinus - [gate-server-1 sessionService.js] session on [gate-server-1] is closed with session id: 1,uid:null,reason:1001
[2021-02-17T23:56:57.322] [DEBUG] pinus - [gate-server-1 connector.js] [gate-server-1] getSession session is created with session id: 2
[2021-02-17T23:59:36.237] [DEBUG] pinus - [gate-server-1 connector.js] [gate-server-1] send message reqId: 1, route: gate.gateHandler.queryEntry, msg: {"code":200,"host":"127.0.0.1","port":3050}, receivers: [2], opts: {"type":"response"}
[2021-02-17T23:59:36.242] [INFO] logger - [gate-server-1 console] global after  null {
  route: 'gate.gateHandler.queryEntry',
  serverType: 'gate',
  handler: 'gateHandler',
  method: 'queryEntry'
} {
  id: 1,
  type: 0,
  compressRoute: 0,
  route: 'gate.gateHandler.queryEntry',
  body: { uid: 'ailhc' },
  compressGzip: 0
}
[2021-02-17T23:59:38.288] [DEBUG] pinus - [gate-server-1 sessionService.js] session on [gate-server-1] is closed with session id: 2,uid:null,reason:1005
[2021-02-18T00:00:27.895] [DEBUG] pinus - [gate-server-1 connector.js] [gate-server-1] getSession session is created with session id: 3
[2021-02-18T00:00:50.175] [DEBUG] pinus - [gate-server-1 connector.js] [gate-server-1] send message reqId: 1, route: gate.gateHandler.queryEntry, msg: {"code":200,"host":"127.0.0.1","port":3050}, receivers: [3], opts: {"type":"response"}
[2021-02-18T00:00:50.177] [INFO] logger - [gate-server-1 console] global after  null {
  route: 'gate.gateHandler.queryEntry',
  serverType: 'gate',
  handler: 'gateHandler',
  method: 'queryEntry'
} {
  id: 1,
  type: 0,
  compressRoute: 0,
  route: 'gate.gateHandler.queryEntry',
  body: { uid: 'ailhc' },
  compressGzip: 0
}
[2021-02-18T00:01:40.156] [DEBUG] pinus - [gate-server-1 sessionService.js] session on [gate-server-1] is closed with session id: 3,uid:null,reason:1005
[2021-02-18T00:02:25.052] [DEBUG] pinus - [gate-server-1 connector.js] [gate-server-1] getSession session is created with session id: 4
[2021-02-18T00:02:35.230] [DEBUG] pinus - [gate-server-1 connector.js] [gate-server-1] send message reqId: 1, route: gate.gateHandler.queryEntry, msg: {"code":200,"host":"127.0.0.1","port":3050}, receivers: [4], opts: {"type":"response"}
[2021-02-18T00:02:35.233] [INFO] logger - [gate-server-1 console] global after  null {
  route: 'gate.gateHandler.queryEntry',
  serverType: 'gate',
  handler: 'gateHandler',
  method: 'queryEntry'
} {
  id: 1,
  type: 0,
  compressRoute: 0,
  route: 'gate.gateHandler.queryEntry',
  body: { uid: 'ailhc' },
  compressGzip: 0
}
[2021-02-18T00:02:58.866] [DEBUG] pinus - [gate-server-1 sessionService.js] session on [gate-server-1] is closed with session id: 4,uid:null,reason:1005
[2021-02-18T00:04:08.062] [DEBUG] pinus - [gate-server-1 connector.js] [gate-server-1] getSession session is created with session id: 5
[2021-02-18T00:04:10.292] [DEBUG] pinus - [gate-server-1 connector.js] [gate-server-1] send message reqId: 1, route: gate.gateHandler.queryEntry, msg: {"code":200,"host":"127.0.0.1","port":3050}, receivers: [5], opts: {"type":"response"}
[2021-02-18T00:04:10.294] [INFO] logger - [gate-server-1 console] global after  null {
  route: 'gate.gateHandler.queryEntry',
  serverType: 'gate',
  handler: 'gateHandler',
  method: 'queryEntry'
} {
  id: 1,
  type: 0,
  compressRoute: 0,
  route: 'gate.gateHandler.queryEntry',
  body: { uid: 'ailhc' },
  compressGzip: 0
}
[2021-02-18T00:04:15.853] [DEBUG] pinus - [gate-server-1 sessionService.js] session on [gate-server-1] is closed with session id: 5,uid:null,reason:1005
[2021-02-18T00:05:50.161] [DEBUG] pinus - [gate-server-1 connector.js] [gate-server-1] getSession session is created with session id: 6
[2021-02-18T00:06:13.568] [DEBUG] pinus - [gate-server-1 connector.js] [gate-server-1] send message reqId: 1, route: gate.gateHandler.queryEntry, msg: {"code":200,"host":"127.0.0.1","port":3050}, receivers: [6], opts: {"type":"response"}
[2021-02-18T00:06:13.571] [INFO] logger - [gate-server-1 console] global after  null {
  route: 'gate.gateHandler.queryEntry',
  serverType: 'gate',
  handler: 'gateHandler',
  method: 'queryEntry'
} {
  id: 1,
  type: 0,
  compressRoute: 0,
  route: 'gate.gateHandler.queryEntry',
  body: { uid: 'ailhc' },
  compressGzip: 0
}
[2021-02-18T00:06:23.591] [DEBUG] pinus - [gate-server-1 sessionService.js] session on [gate-server-1] is closed with session id: 6,uid:null,reason:1005
[2021-02-18T00:14:24.770] [DEBUG] pinus - [gate-server-1 connector.js] [gate-server-1] getSession session is created with session id: 7
[2021-02-18T00:14:32.262] [DEBUG] pinus - [gate-server-1 connector.js] [gate-server-1] send message reqId: 1, route: gate.gateHandler.queryEntry, msg: {"code":200,"host":"127.0.0.1","port":3050}, receivers: [7], opts: {"type":"response"}
[2021-02-18T00:14:32.265] [INFO] logger - [gate-server-1 console] global after  null {
  route: 'gate.gateHandler.queryEntry',
  serverType: 'gate',
  handler: 'gateHandler',
  method: 'queryEntry'
} {
  id: 1,
  type: 0,
  compressRoute: 0,
  route: 'gate.gateHandler.queryEntry',
  body: { uid: 'ailhc' },
  compressGzip: 0
}
[2021-02-18T00:14:39.491] [DEBUG] pinus - [gate-server-1 sessionService.js] session on [gate-server-1] is closed with session id: 7,uid:null,reason:1005
[2021-02-18T00:15:41.183] [DEBUG] pinus - [gate-server-1 connector.js] [gate-server-1] getSession session is created with session id: 8
[2021-02-18T00:15:49.888] [DEBUG] pinus - [gate-server-1 connector.js] [gate-server-1] send message reqId: 1, route: gate.gateHandler.queryEntry, msg: {"code":200,"host":"127.0.0.1","port":3050}, receivers: [8], opts: {"type":"response"}
[2021-02-18T00:15:49.890] [INFO] logger - [gate-server-1 console] global after  null {
  route: 'gate.gateHandler.queryEntry',
  serverType: 'gate',
  handler: 'gateHandler',
  method: 'queryEntry'
} {
  id: 1,
  type: 0,
  compressRoute: 0,
  route: 'gate.gateHandler.queryEntry',
  body: { uid: 'ailhc' },
  compressGzip: 0
}
[2021-02-18T00:15:53.160] [DEBUG] pinus - [gate-server-1 sessionService.js] session on [gate-server-1] is closed with session id: 8,uid:null,reason:1005
[2021-02-18T00:20:51.343] [DEBUG] pinus - [gate-server-1 connector.js] [gate-server-1] getSession session is created with session id: 9
[2021-02-18T00:21:20.158] [DEBUG] pinus - [gate-server-1 connector.js] [gate-server-1] send message reqId: 1, route: gate.gateHandler.queryEntry, msg: {"code":200,"host":"127.0.0.1","port":3050}, receivers: [9], opts: {"type":"response"}
[2021-02-18T00:21:20.160] [INFO] logger - [gate-server-1 console] global after  null {
  route: 'gate.gateHandler.queryEntry',
  serverType: 'gate',
  handler: 'gateHandler',
  method: 'queryEntry'
} {
  id: 1,
  type: 0,
  compressRoute: 0,
  route: 'gate.gateHandler.queryEntry',
  body: { uid: 'ailhc' },
  compressGzip: 0
}
[2021-02-18T00:21:24.289] [DEBUG] pinus - [gate-server-1 sessionService.js] session on [gate-server-1] is closed with session id: 9,uid:null,reason:1005
[2021-02-18T00:24:50.269] [DEBUG] pinus - [gate-server-1 connector.js] [gate-server-1] getSession session is created with session id: 10
[2021-02-18T00:25:07.830] [DEBUG] pinus - [gate-server-1 connector.js] [gate-server-1] send message reqId: 1, route: gate.gateHandler.queryEntry, msg: {"code":200,"host":"127.0.0.1","port":3050}, receivers: [10], opts: {"type":"response"}
[2021-02-18T00:25:07.834] [INFO] logger - [gate-server-1 console] global after  null {
  route: 'gate.gateHandler.queryEntry',
  serverType: 'gate',
  handler: 'gateHandler',
  method: 'queryEntry'
} {
  id: 1,
  type: 0,
  compressRoute: 0,
  route: 'gate.gateHandler.queryEntry',
  body: { uid: 'ailhc' },
  compressGzip: 0
}
[2021-02-18T00:25:13.342] [DEBUG] pinus - [gate-server-1 sessionService.js] session on [gate-server-1] is closed with session id: 10,uid:null,reason:1005
[2021-02-18T11:18:20.610] [INFO] pinus - [gate-server-1 application.js] application inited: "gate-server-1"
[2021-02-18T11:18:20.662] [DEBUG] pinus - [gate-server-1 protobuf.js] ProtobufComponent options: {}
[2021-02-18T11:18:22.204] [INFO] pinus - [gate-server-1 application.js] "gate-server-1" enter before start...
[2021-02-18T11:18:22.207] [INFO] pinus - [gate-server-1 application.js] "gate-server-1" enter start...
[2021-02-18T11:18:22.208] [INFO] logger - [gate-server-1 console] TestComponent  start gate-server-1
[2021-02-18T11:18:22.866] [INFO] pinus - [gate-server-1 application.js] "gate-server-1" enter after start...
[2021-02-18T11:18:22.877] [INFO] pinus - [gate-server-1 application.js] "gate-server-1" finish start
[2021-02-18T11:18:22.878] [INFO] pinus - [gate-server-1 application.js] "gate-server-1" startup in 2220 ms
[2021-02-18T11:18:24.406] [DEBUG] pinus - [gate-server-1 monitorwatcher.js] [gate-server-1] receive addServer signal: {"action":"addServer","server":{"main":"/Users/mac/Documents/FrameworkSpace/EasyGameFrameworkOpen/examples/pinus-enet-chat/game-server/tsrun.js","env":"development","id":"connector-server-1","host":"127.0.0.1","port":4050,"clientPort":3050,"frontend":"true","args":"--inspect=10001","serverType":"connector","remoterPaths":[{"namespace":"sys","serverType":"connector","path":"/Users/mac/Documents/FrameworkSpace/EasyGameFrameworkOpen/examples/pinus-enet-chat/game-server/node_modules/pinus/dist/lib/common/remote/frontend"}],"handlerPaths":["/Users/mac/Documents/FrameworkSpace/EasyGameFrameworkOpen/examples/pinus-enet-chat/game-server/app/servers/connector/handler"],"pid":2816}}
[2021-02-18T11:18:53.457] [DEBUG] pinus - [gate-server-1 connector.js] [gate-server-1] getSession session is created with session id: 1
[2021-02-18T11:18:57.509] [DEBUG] pinus - [gate-server-1 connector.js] [gate-server-1] send message reqId: 1, route: gate.gateHandler.queryEntry, msg: {"code":200,"host":"127.0.0.1","port":3050}, receivers: [1], opts: {"type":"response"}
[2021-02-18T11:18:57.511] [INFO] logger - [gate-server-1 console] global after  null {
  route: 'gate.gateHandler.queryEntry',
  serverType: 'gate',
  handler: 'gateHandler',
  method: 'queryEntry'
} {
  id: 1,
  type: 0,
  compressRoute: 0,
  route: 'gate.gateHandler.queryEntry',
  body: { uid: 'ailhc' },
  compressGzip: 0
}
[2021-02-18T11:18:57.527] [DEBUG] pinus - [gate-server-1 sessionService.js] session on [gate-server-1] is closed with session id: 1,uid:null,reason:1005
[2021-02-18T11:21:34.234] [DEBUG] pinus - [gate-server-1 connector.js] [gate-server-1] getSession session is created with session id: 2
[2021-02-18T11:21:34.243] [DEBUG] pinus - [gate-server-1 connector.js] [gate-server-1] send message reqId: 1, route: gate.gateHandler.queryEntry, msg: {"code":200,"host":"127.0.0.1","port":3050}, receivers: [2], opts: {"type":"response"}
[2021-02-18T11:21:34.244] [INFO] logger - [gate-server-1 console] global after  null {
  route: 'gate.gateHandler.queryEntry',
  serverType: 'gate',
  handler: 'gateHandler',
  method: 'queryEntry'
} {
  id: 1,
  type: 0,
  compressRoute: 0,
  route: 'gate.gateHandler.queryEntry',
  body: { uid: 'ailhc' },
  compressGzip: 0
}
[2021-02-18T11:21:34.251] [DEBUG] pinus - [gate-server-1 sessionService.js] session on [gate-server-1] is closed with session id: 2,uid:null,reason:1005
[2021-02-18T11:21:59.948] [DEBUG] pinus - [gate-server-1 connector.js] [gate-server-1] getSession session is created with session id: 3
[2021-02-18T11:21:59.955] [DEBUG] pinus - [gate-server-1 connector.js] [gate-server-1] send message reqId: 1, route: gate.gateHandler.queryEntry, msg: {"code":200,"host":"127.0.0.1","port":3050}, receivers: [3], opts: {"type":"response"}
[2021-02-18T11:21:59.956] [INFO] logger - [gate-server-1 console] global after  null {
  route: 'gate.gateHandler.queryEntry',
  serverType: 'gate',
  handler: 'gateHandler',
  method: 'queryEntry'
} {
  id: 1,
  type: 0,
  compressRoute: 0,
  route: 'gate.gateHandler.queryEntry',
  body: { uid: 'hahaha' },
  compressGzip: 0
}
[2021-02-18T11:21:59.960] [DEBUG] pinus - [gate-server-1 sessionService.js] session on [gate-server-1] is closed with session id: 3,uid:null,reason:1005
[2021-02-18T11:24:45.178] [DEBUG] pinus - [gate-server-1 connector.js] [gate-server-1] getSession session is created with session id: 4
[2021-02-18T11:24:59.091] [DEBUG] pinus - [gate-server-1 connector.js] [gate-server-1] send message reqId: 1, route: gate.gateHandler.queryEntry, msg: {"code":200,"host":"127.0.0.1","port":3050}, receivers: [4], opts: {"type":"response"}
[2021-02-18T11:24:59.092] [INFO] logger - [gate-server-1 console] global after  null {
  route: 'gate.gateHandler.queryEntry',
  serverType: 'gate',
  handler: 'gateHandler',
  method: 'queryEntry'
} {
  id: 1,
  type: 0,
  compressRoute: 0,
  route: 'gate.gateHandler.queryEntry',
  body: { uid: 'ailhc' },
  compressGzip: 0
}
[2021-02-18T11:24:59.104] [DEBUG] pinus - [gate-server-1 sessionService.js] session on [gate-server-1] is closed with session id: 4,uid:null,reason:1005
[2021-02-18T11:35:51.854] [INFO] pinus - [gate-server-1 protobuf.js] change proto file , type : "client", path : "/Users/mac/Documents/FrameworkSpace/EasyGameFrameworkOpen/examples/pinus-enet-chat/game-server/config/clientProtos.ts", version : "z1COKCrXL3hCx6C95RXY3Q=="
[2021-02-18T11:35:52.425] [INFO] pinus - [gate-server-1 protobuf.js] change proto file , type : "server", path : "/Users/mac/Documents/FrameworkSpace/EasyGameFrameworkOpen/examples/pinus-enet-chat/game-server/config/serverProtos.ts", version : "z1COKCrXL3hCx6C95RXY3Q=="
[2021-02-18T11:36:00.073] [INFO] pinus - [gate-server-1 protobuf.js] change proto file , type : "client", path : "/Users/mac/Documents/FrameworkSpace/EasyGameFrameworkOpen/examples/pinus-enet-chat/game-server/config/clientProtos.ts", version : "z1COKCrXL3hCx6C95RXY3Q=="
[2021-02-18T11:36:00.090] [INFO] pinus - [gate-server-1 protobuf.js] change proto file , type : "server", path : "/Users/mac/Documents/FrameworkSpace/EasyGameFrameworkOpen/examples/pinus-enet-chat/game-server/config/serverProtos.ts", version : "z1COKCrXL3hCx6C95RXY3Q=="
