[2021-02-17T22:49:46.042] [INFO] pinus - [master-server-1 application.js] application inited: "master-server-1"
[2021-02-17T22:49:46.047] [INFO] pinus - [master-server-1 application.js] "master-server-1" enter before start...
[2021-02-17T22:49:46.047] [INFO] pinus - [master-server-1 application.js] "master-server-1" enter start...
[2021-02-17T22:49:46.048] [INFO] logger - [master-server-1 console] TestComponent  start master-server-1
[2021-02-17T22:49:46.064] [INFO] pinus - [master-server-1 starter.js] Executing /Users/mac/.nvm/versions/node/v15.8.0/bin/node --inspect=10001,/Users/mac/Documents/FrameworkSpace/EasyGameFrameworkOpen/examples/pinus-enet-chat/game-server/tsrun.js,env=development,id=connector-server-1,host=127.0.0.1,port=4050,clientPort=3050,frontend=true,args=--inspect=10001,serverType=connector locally
[2021-02-17T22:49:46.073] [INFO] pinus - [master-server-1 starter.js] Executing /Users/mac/.nvm/versions/node/v15.8.0/bin/node --inspect=10002,/Users/mac/Documents/FrameworkSpace/EasyGameFrameworkOpen/examples/pinus-enet-chat/game-server/tsrun.js,env=development,id=chat-server-1,host=127.0.0.1,port=6050,args=--inspect=10002,serverType=chat locally
[2021-02-17T22:49:46.080] [INFO] pinus - [master-server-1 starter.js] Executing /Users/mac/.nvm/versions/node/v15.8.0/bin/node --inspect=10003,/Users/mac/Documents/FrameworkSpace/EasyGameFrameworkOpen/examples/pinus-enet-chat/game-server/tsrun.js,env=development,id=gate-server-1,host=127.0.0.1,clientPort=3014,frontend=true,args=--inspect=10003,serverType=gate locally
[2021-02-17T22:49:46.520] [DEBUG] pinus - [master-server-1 masterwatcher.js] masterwatcher receive add server event, with server: {"id":"master-server-1","host":"127.0.0.1","port":3005,"pid":19625}
[2021-02-17T22:49:46.533] [INFO] pinus - [master-server-1 application.js] "master-server-1" enter after start...
[2021-02-17T22:49:46.533] [INFO] pinus - [master-server-1 application.js] "master-server-1" finish start
[2021-02-17T22:49:46.534] [INFO] pinus - [master-server-1 application.js] "master-server-1" startup in 488 ms
[2021-02-17T22:49:55.861] [DEBUG] pinus - [master-server-1 masterwatcher.js] masterwatcher receive add server event, with server: {"main":"/Users/mac/Documents/FrameworkSpace/EasyGameFrameworkOpen/examples/pinus-enet-chat/game-server/tsrun.js","env":"development","id":"chat-server-1","host":"127.0.0.1","port":6050,"args":"--inspect=10002","serverType":"chat","remoterPaths":[{"namespace":"sys","serverType":"chat","path":"/Users/mac/Documents/FrameworkSpace/EasyGameFrameworkOpen/examples/pinus-enet-chat/game-server/node_modules/pinus/dist/lib/common/remote/backend"},{"namespace":"user","serverType":"chat","path":"/Users/mac/Documents/FrameworkSpace/EasyGameFrameworkOpen/examples/pinus-enet-chat/game-server/app/servers/chat/remote"}],"handlerPaths":["/Users/mac/Documents/FrameworkSpace/EasyGameFrameworkOpen/examples/pinus-enet-chat/game-server/app/servers/chat/handler"],"pid":19630}
[2021-02-17T22:49:55.863] [DEBUG] pinus - [master-server-1 monitorwatcher.js] [master-server-1] receive addServer signal: {"action":"addServer","server":{"main":"/Users/mac/Documents/FrameworkSpace/EasyGameFrameworkOpen/examples/pinus-enet-chat/game-server/tsrun.js","env":"development","id":"chat-server-1","host":"127.0.0.1","port":6050,"args":"--inspect=10002","serverType":"chat","remoterPaths":[{"namespace":"sys","serverType":"chat","path":"/Users/mac/Documents/FrameworkSpace/EasyGameFrameworkOpen/examples/pinus-enet-chat/game-server/node_modules/pinus/dist/lib/common/remote/backend"},{"namespace":"user","serverType":"chat","path":"/Users/mac/Documents/FrameworkSpace/EasyGameFrameworkOpen/examples/pinus-enet-chat/game-server/app/servers/chat/remote"}],"handlerPaths":["/Users/mac/Documents/FrameworkSpace/EasyGameFrameworkOpen/examples/pinus-enet-chat/game-server/app/servers/chat/handler"],"pid":19630}}
[2021-02-17T22:49:56.567] [DEBUG] pinus - [master-server-1 masterwatcher.js] masterwatcher receive add server event, with server: {"main":"/Users/mac/Documents/FrameworkSpace/EasyGameFrameworkOpen/examples/pinus-enet-chat/game-server/tsrun.js","env":"development","id":"gate-server-1","host":"127.0.0.1","clientPort":3014,"frontend":"true","args":"--inspect=10003","serverType":"gate","handlerPaths":["/Users/mac/Documents/FrameworkSpace/EasyGameFrameworkOpen/examples/pinus-enet-chat/game-server/app/servers/gate/handler"],"pid":19631}
[2021-02-17T22:49:56.569] [DEBUG] pinus - [master-server-1 monitorwatcher.js] [master-server-1] receive addServer signal: {"action":"addServer","server":{"main":"/Users/mac/Documents/FrameworkSpace/EasyGameFrameworkOpen/examples/pinus-enet-chat/game-server/tsrun.js","env":"development","id":"gate-server-1","host":"127.0.0.1","clientPort":3014,"frontend":"true","args":"--inspect=10003","serverType":"gate","handlerPaths":["/Users/mac/Documents/FrameworkSpace/EasyGameFrameworkOpen/examples/pinus-enet-chat/game-server/app/servers/gate/handler"],"pid":19631}}
[2021-02-17T22:49:57.437] [DEBUG] pinus - [master-server-1 masterwatcher.js] masterwatcher receive add server event, with server: {"main":"/Users/mac/Documents/FrameworkSpace/EasyGameFrameworkOpen/examples/pinus-enet-chat/game-server/tsrun.js","env":"development","id":"connector-server-1","host":"127.0.0.1","port":4050,"clientPort":3050,"frontend":"true","args":"--inspect=10001","serverType":"connector","remoterPaths":[{"namespace":"sys","serverType":"connector","path":"/Users/mac/Documents/FrameworkSpace/EasyGameFrameworkOpen/examples/pinus-enet-chat/game-server/node_modules/pinus/dist/lib/common/remote/frontend"}],"handlerPaths":["/Users/mac/Documents/FrameworkSpace/EasyGameFrameworkOpen/examples/pinus-enet-chat/game-server/app/servers/connector/handler"],"pid":19629}
[2021-02-17T22:49:57.439] [DEBUG] pinus - [master-server-1 monitorwatcher.js] [master-server-1] receive addServer signal: {"action":"addServer","server":{"main":"/Users/mac/Documents/FrameworkSpace/EasyGameFrameworkOpen/examples/pinus-enet-chat/game-server/tsrun.js","env":"development","id":"connector-server-1","host":"127.0.0.1","port":4050,"clientPort":3050,"frontend":"true","args":"--inspect=10001","serverType":"connector","remoterPaths":[{"namespace":"sys","serverType":"connector","path":"/Users/mac/Documents/FrameworkSpace/EasyGameFrameworkOpen/examples/pinus-enet-chat/game-server/node_modules/pinus/dist/lib/common/remote/frontend"}],"handlerPaths":["/Users/mac/Documents/FrameworkSpace/EasyGameFrameworkOpen/examples/pinus-enet-chat/game-server/app/servers/connector/handler"],"pid":19629}}
[2021-02-17T22:49:57.529] [WARN] pinus - [master-server-1 watchdog.js] all servers startup in 11483 ms
[2021-02-17T23:21:20.019] [WARN] /Users/mac/Documents/FrameworkSpace/EasyGameFrameworkOpen/examples/pinus-enet-chat/game-server/node_modules/pinus-scheduler/dist/job.js - run Job count 296 late :468963 lateCount 1
[2021-02-17T23:21:20.020] [WARN] /Users/mac/Documents/FrameworkSpace/EasyGameFrameworkOpen/examples/pinus-enet-chat/game-server/node_modules/pinus-scheduler/dist/job.js - run Job count 297 late :463965 lateCount 2
[2021-02-17T23:21:20.021] [WARN] /Users/mac/Documents/FrameworkSpace/EasyGameFrameworkOpen/examples/pinus-enet-chat/game-server/node_modules/pinus-scheduler/dist/job.js - run Job count 298 late :458966 lateCount 3
[2021-02-17T23:21:20.021] [WARN] /Users/mac/Documents/FrameworkSpace/EasyGameFrameworkOpen/examples/pinus-enet-chat/game-server/node_modules/pinus-scheduler/dist/job.js - run Job count 299 late :453966 lateCount 4
[2021-02-17T23:21:20.022] [WARN] /Users/mac/Documents/FrameworkSpace/EasyGameFrameworkOpen/examples/pinus-enet-chat/game-server/node_modules/pinus-scheduler/dist/job.js - run Job count 300 late :448967 lateCount 5
[2021-02-17T23:21:20.038] [WARN] /Users/mac/Documents/FrameworkSpace/EasyGameFrameworkOpen/examples/pinus-enet-chat/game-server/node_modules/pinus-scheduler/dist/job.js - run Job count 301 late :443983 lateCount 6
[2021-02-17T23:21:20.038] [WARN] /Users/mac/Documents/FrameworkSpace/EasyGameFrameworkOpen/examples/pinus-enet-chat/game-server/node_modules/pinus-scheduler/dist/job.js - run Job count 302 late :438983 lateCount 7
[2021-02-17T23:21:20.039] [WARN] /Users/mac/Documents/FrameworkSpace/EasyGameFrameworkOpen/examples/pinus-enet-chat/game-server/node_modules/pinus-scheduler/dist/job.js - run Job count 303 late :433984 lateCount 8
[2021-02-17T23:21:20.039] [WARN] /Users/mac/Documents/FrameworkSpace/EasyGameFrameworkOpen/examples/pinus-enet-chat/game-server/node_modules/pinus-scheduler/dist/job.js - run Job count 304 late :428984 lateCount 9
[2021-02-17T23:21:20.040] [WARN] /Users/mac/Documents/FrameworkSpace/EasyGameFrameworkOpen/examples/pinus-enet-chat/game-server/node_modules/pinus-scheduler/dist/job.js - run Job count 305 late :423985 lateCount 10
[2021-02-17T23:21:20.050] [WARN] /Users/mac/Documents/FrameworkSpace/EasyGameFrameworkOpen/examples/pinus-enet-chat/game-server/node_modules/pinus-scheduler/dist/job.js - run Job count 306 late :418995 lateCount 11
[2021-02-17T23:21:20.051] [WARN] /Users/mac/Documents/FrameworkSpace/EasyGameFrameworkOpen/examples/pinus-enet-chat/game-server/node_modules/pinus-scheduler/dist/job.js - run Job count 307 late :413995 lateCount 12
[2021-02-17T23:21:20.051] [WARN] /Users/mac/Documents/FrameworkSpace/EasyGameFrameworkOpen/examples/pinus-enet-chat/game-server/node_modules/pinus-scheduler/dist/job.js - run Job count 308 late :408996 lateCount 13
[2021-02-17T23:21:20.053] [WARN] /Users/mac/Documents/FrameworkSpace/EasyGameFrameworkOpen/examples/pinus-enet-chat/game-server/node_modules/pinus-scheduler/dist/job.js - run Job count 309 late :403996 lateCount 14
[2021-02-17T23:21:20.061] [WARN] /Users/mac/Documents/FrameworkSpace/EasyGameFrameworkOpen/examples/pinus-enet-chat/game-server/node_modules/pinus-scheduler/dist/job.js - run Job count 310 late :399006 lateCount 15
[2021-02-17T23:21:20.061] [WARN] /Users/mac/Documents/FrameworkSpace/EasyGameFrameworkOpen/examples/pinus-enet-chat/game-server/node_modules/pinus-scheduler/dist/job.js - run Job count 311 late :394006 lateCount 16
[2021-02-17T23:21:20.061] [WARN] /Users/mac/Documents/FrameworkSpace/EasyGameFrameworkOpen/examples/pinus-enet-chat/game-server/node_modules/pinus-scheduler/dist/job.js - run Job count 312 late :389006 lateCount 17
[2021-02-17T23:21:20.061] [WARN] /Users/mac/Documents/FrameworkSpace/EasyGameFrameworkOpen/examples/pinus-enet-chat/game-server/node_modules/pinus-scheduler/dist/job.js - run Job count 313 late :384008 lateCount 18
[2021-02-17T23:21:20.062] [WARN] /Users/mac/Documents/FrameworkSpace/EasyGameFrameworkOpen/examples/pinus-enet-chat/game-server/node_modules/pinus-scheduler/dist/job.js - run Job count 314 late :384007 lateCount 19
[2021-02-17T23:21:20.315] [WARN] /Users/mac/Documents/FrameworkSpace/EasyGameFrameworkOpen/examples/pinus-enet-chat/game-server/node_modules/pinus-scheduler/dist/job.js - run Job count 315 late :384259 lateCount 20
[2021-02-17T23:21:20.315] [WARN] /Users/mac/Documents/FrameworkSpace/EasyGameFrameworkOpen/examples/pinus-enet-chat/game-server/node_modules/pinus-scheduler/dist/job.js - run Job count 316 late :379260 lateCount 21
[2021-02-17T23:21:20.316] [WARN] /Users/mac/Documents/FrameworkSpace/EasyGameFrameworkOpen/examples/pinus-enet-chat/game-server/node_modules/pinus-scheduler/dist/job.js - run Job count 317 late :374261 lateCount 22
[2021-02-17T23:21:20.316] [WARN] /Users/mac/Documents/FrameworkSpace/EasyGameFrameworkOpen/examples/pinus-enet-chat/game-server/node_modules/pinus-scheduler/dist/job.js - run Job count 318 late :369261 lateCount 23
[2021-02-17T23:21:20.326] [WARN] /Users/mac/Documents/FrameworkSpace/EasyGameFrameworkOpen/examples/pinus-enet-chat/game-server/node_modules/pinus-scheduler/dist/job.js - run Job count 319 late :364271 lateCount 24
[2021-02-17T23:21:20.326] [WARN] /Users/mac/Documents/FrameworkSpace/EasyGameFrameworkOpen/examples/pinus-enet-chat/game-server/node_modules/pinus-scheduler/dist/job.js - run Job count 320 late :359271 lateCount 25
[2021-02-17T23:21:20.327] [WARN] /Users/mac/Documents/FrameworkSpace/EasyGameFrameworkOpen/examples/pinus-enet-chat/game-server/node_modules/pinus-scheduler/dist/job.js - run Job count 321 late :354272 lateCount 26
[2021-02-17T23:21:20.327] [WARN] /Users/mac/Documents/FrameworkSpace/EasyGameFrameworkOpen/examples/pinus-enet-chat/game-server/node_modules/pinus-scheduler/dist/job.js - run Job count 322 late :349272 lateCount 27
[2021-02-17T23:21:20.328] [WARN] /Users/mac/Documents/FrameworkSpace/EasyGameFrameworkOpen/examples/pinus-enet-chat/game-server/node_modules/pinus-scheduler/dist/job.js - run Job count 323 late :344273 lateCount 28
[2021-02-17T23:21:20.430] [WARN] /Users/mac/Documents/FrameworkSpace/EasyGameFrameworkOpen/examples/pinus-enet-chat/game-server/node_modules/pinus-scheduler/dist/job.js - run Job count 324 late :339375 lateCount 29
[2021-02-17T23:21:20.430] [WARN] /Users/mac/Documents/FrameworkSpace/EasyGameFrameworkOpen/examples/pinus-enet-chat/game-server/node_modules/pinus-scheduler/dist/job.js - run Job count 325 late :334375 lateCount 30
[2021-02-17T23:21:20.431] [WARN] /Users/mac/Documents/FrameworkSpace/EasyGameFrameworkOpen/examples/pinus-enet-chat/game-server/node_modules/pinus-scheduler/dist/job.js - run Job count 326 late :329376 lateCount 31
[2021-02-17T23:21:20.431] [WARN] /Users/mac/Documents/FrameworkSpace/EasyGameFrameworkOpen/examples/pinus-enet-chat/game-server/node_modules/pinus-scheduler/dist/job.js - run Job count 327 late :324376 lateCount 32
[2021-02-17T23:21:20.433] [WARN] /Users/mac/Documents/FrameworkSpace/EasyGameFrameworkOpen/examples/pinus-enet-chat/game-server/node_modules/pinus-scheduler/dist/job.js - run Job count 328 late :319378 lateCount 33
[2021-02-17T23:21:20.434] [WARN] /Users/mac/Documents/FrameworkSpace/EasyGameFrameworkOpen/examples/pinus-enet-chat/game-server/node_modules/pinus-scheduler/dist/job.js - run Job count 329 late :314379 lateCount 34
[2021-02-17T23:21:20.434] [WARN] /Users/mac/Documents/FrameworkSpace/EasyGameFrameworkOpen/examples/pinus-enet-chat/game-server/node_modules/pinus-scheduler/dist/job.js - run Job count 330 late :309379 lateCount 35
[2021-02-17T23:21:20.434] [WARN] /Users/mac/Documents/FrameworkSpace/EasyGameFrameworkOpen/examples/pinus-enet-chat/game-server/node_modules/pinus-scheduler/dist/job.js - run Job count 331 late :304379 lateCount 36
[2021-02-17T23:21:20.435] [WARN] /Users/mac/Documents/FrameworkSpace/EasyGameFrameworkOpen/examples/pinus-enet-chat/game-server/node_modules/pinus-scheduler/dist/job.js - run Job count 332 late :299380 lateCount 37
[2021-02-17T23:21:20.440] [WARN] /Users/mac/Documents/FrameworkSpace/EasyGameFrameworkOpen/examples/pinus-enet-chat/game-server/node_modules/pinus-scheduler/dist/job.js - run Job count 333 late :294384 lateCount 38
[2021-02-17T23:21:20.440] [WARN] /Users/mac/Documents/FrameworkSpace/EasyGameFrameworkOpen/examples/pinus-enet-chat/game-server/node_modules/pinus-scheduler/dist/job.js - run Job count 334 late :289385 lateCount 39
[2021-02-17T23:21:20.442] [WARN] /Users/mac/Documents/FrameworkSpace/EasyGameFrameworkOpen/examples/pinus-enet-chat/game-server/node_modules/pinus-scheduler/dist/job.js - run Job count 335 late :284387 lateCount 40
[2021-02-17T23:21:20.443] [WARN] /Users/mac/Documents/FrameworkSpace/EasyGameFrameworkOpen/examples/pinus-enet-chat/game-server/node_modules/pinus-scheduler/dist/job.js - run Job count 336 late :279388 lateCount 41
[2021-02-17T23:21:20.443] [WARN] /Users/mac/Documents/FrameworkSpace/EasyGameFrameworkOpen/examples/pinus-enet-chat/game-server/node_modules/pinus-scheduler/dist/job.js - run Job count 337 late :274388 lateCount 42
[2021-02-17T23:21:20.444] [WARN] /Users/mac/Documents/FrameworkSpace/EasyGameFrameworkOpen/examples/pinus-enet-chat/game-server/node_modules/pinus-scheduler/dist/job.js - run Job count 338 late :269389 lateCount 43
[2021-02-17T23:21:20.444] [WARN] /Users/mac/Documents/FrameworkSpace/EasyGameFrameworkOpen/examples/pinus-enet-chat/game-server/node_modules/pinus-scheduler/dist/job.js - run Job count 339 late :264389 lateCount 44
[2021-02-17T23:21:20.444] [WARN] /Users/mac/Documents/FrameworkSpace/EasyGameFrameworkOpen/examples/pinus-enet-chat/game-server/node_modules/pinus-scheduler/dist/job.js - run Job count 340 late :259389 lateCount 45
[2021-02-17T23:21:20.444] [WARN] /Users/mac/Documents/FrameworkSpace/EasyGameFrameworkOpen/examples/pinus-enet-chat/game-server/node_modules/pinus-scheduler/dist/job.js - run Job count 341 late :254389 lateCount 46
[2021-02-17T23:21:20.445] [WARN] /Users/mac/Documents/FrameworkSpace/EasyGameFrameworkOpen/examples/pinus-enet-chat/game-server/node_modules/pinus-scheduler/dist/job.js - run Job count 342 late :249390 lateCount 47
[2021-02-17T23:21:20.445] [WARN] /Users/mac/Documents/FrameworkSpace/EasyGameFrameworkOpen/examples/pinus-enet-chat/game-server/node_modules/pinus-scheduler/dist/job.js - run Job count 343 late :244390 lateCount 48
[2021-02-17T23:21:20.445] [WARN] /Users/mac/Documents/FrameworkSpace/EasyGameFrameworkOpen/examples/pinus-enet-chat/game-server/node_modules/pinus-scheduler/dist/job.js - run Job count 344 late :239390 lateCount 49
[2021-02-17T23:21:20.446] [WARN] /Users/mac/Documents/FrameworkSpace/EasyGameFrameworkOpen/examples/pinus-enet-chat/game-server/node_modules/pinus-scheduler/dist/job.js - run Job count 345 late :234391 lateCount 50
[2021-02-17T23:21:20.446] [WARN] /Users/mac/Documents/FrameworkSpace/EasyGameFrameworkOpen/examples/pinus-enet-chat/game-server/node_modules/pinus-scheduler/dist/job.js - run Job count 346 late :229391 lateCount 51
[2021-02-17T23:21:20.446] [WARN] /Users/mac/Documents/FrameworkSpace/EasyGameFrameworkOpen/examples/pinus-enet-chat/game-server/node_modules/pinus-scheduler/dist/job.js - run Job count 347 late :224391 lateCount 52
[2021-02-17T23:21:20.446] [WARN] /Users/mac/Documents/FrameworkSpace/EasyGameFrameworkOpen/examples/pinus-enet-chat/game-server/node_modules/pinus-scheduler/dist/job.js - run Job count 348 late :219391 lateCount 53
[2021-02-17T23:21:20.447] [WARN] /Users/mac/Documents/FrameworkSpace/EasyGameFrameworkOpen/examples/pinus-enet-chat/game-server/node_modules/pinus-scheduler/dist/job.js - run Job count 349 late :214392 lateCount 54
[2021-02-17T23:21:20.447] [WARN] /Users/mac/Documents/FrameworkSpace/EasyGameFrameworkOpen/examples/pinus-enet-chat/game-server/node_modules/pinus-scheduler/dist/job.js - run Job count 350 late :209392 lateCount 55
[2021-02-17T23:21:20.447] [WARN] /Users/mac/Documents/FrameworkSpace/EasyGameFrameworkOpen/examples/pinus-enet-chat/game-server/node_modules/pinus-scheduler/dist/job.js - run Job count 351 late :204392 lateCount 56
[2021-02-17T23:21:20.448] [WARN] /Users/mac/Documents/FrameworkSpace/EasyGameFrameworkOpen/examples/pinus-enet-chat/game-server/node_modules/pinus-scheduler/dist/job.js - run Job count 352 late :199393 lateCount 57
[2021-02-17T23:21:20.449] [WARN] /Users/mac/Documents/FrameworkSpace/EasyGameFrameworkOpen/examples/pinus-enet-chat/game-server/node_modules/pinus-scheduler/dist/job.js - run Job count 353 late :194394 lateCount 58
[2021-02-17T23:21:20.450] [WARN] /Users/mac/Documents/FrameworkSpace/EasyGameFrameworkOpen/examples/pinus-enet-chat/game-server/node_modules/pinus-scheduler/dist/job.js - run Job count 354 late :189395 lateCount 59
[2021-02-17T23:21:20.450] [WARN] /Users/mac/Documents/FrameworkSpace/EasyGameFrameworkOpen/examples/pinus-enet-chat/game-server/node_modules/pinus-scheduler/dist/job.js - run Job count 355 late :184395 lateCount 60
[2021-02-17T23:21:20.450] [WARN] /Users/mac/Documents/FrameworkSpace/EasyGameFrameworkOpen/examples/pinus-enet-chat/game-server/node_modules/pinus-scheduler/dist/job.js - run Job count 356 late :179395 lateCount 61
[2021-02-17T23:21:20.451] [WARN] /Users/mac/Documents/FrameworkSpace/EasyGameFrameworkOpen/examples/pinus-enet-chat/game-server/node_modules/pinus-scheduler/dist/job.js - run Job count 357 late :174396 lateCount 62
[2021-02-17T23:21:20.451] [WARN] /Users/mac/Documents/FrameworkSpace/EasyGameFrameworkOpen/examples/pinus-enet-chat/game-server/node_modules/pinus-scheduler/dist/job.js - run Job count 358 late :169396 lateCount 63
[2021-02-17T23:21:20.452] [WARN] /Users/mac/Documents/FrameworkSpace/EasyGameFrameworkOpen/examples/pinus-enet-chat/game-server/node_modules/pinus-scheduler/dist/job.js - run Job count 359 late :164397 lateCount 64
[2021-02-17T23:21:20.452] [WARN] /Users/mac/Documents/FrameworkSpace/EasyGameFrameworkOpen/examples/pinus-enet-chat/game-server/node_modules/pinus-scheduler/dist/job.js - run Job count 360 late :159397 lateCount 65
[2021-02-17T23:21:20.452] [WARN] /Users/mac/Documents/FrameworkSpace/EasyGameFrameworkOpen/examples/pinus-enet-chat/game-server/node_modules/pinus-scheduler/dist/job.js - run Job count 361 late :154397 lateCount 66
[2021-02-17T23:21:20.452] [WARN] /Users/mac/Documents/FrameworkSpace/EasyGameFrameworkOpen/examples/pinus-enet-chat/game-server/node_modules/pinus-scheduler/dist/job.js - run Job count 362 late :149397 lateCount 67
[2021-02-17T23:21:20.453] [WARN] /Users/mac/Documents/FrameworkSpace/EasyGameFrameworkOpen/examples/pinus-enet-chat/game-server/node_modules/pinus-scheduler/dist/job.js - run Job count 363 late :144398 lateCount 68
[2021-02-17T23:21:20.453] [WARN] /Users/mac/Documents/FrameworkSpace/EasyGameFrameworkOpen/examples/pinus-enet-chat/game-server/node_modules/pinus-scheduler/dist/job.js - run Job count 364 late :139398 lateCount 69
[2021-02-17T23:21:20.453] [WARN] /Users/mac/Documents/FrameworkSpace/EasyGameFrameworkOpen/examples/pinus-enet-chat/game-server/node_modules/pinus-scheduler/dist/job.js - run Job count 365 late :134398 lateCount 70
[2021-02-17T23:21:20.453] [WARN] /Users/mac/Documents/FrameworkSpace/EasyGameFrameworkOpen/examples/pinus-enet-chat/game-server/node_modules/pinus-scheduler/dist/job.js - run Job count 366 late :129398 lateCount 71
[2021-02-17T23:21:20.454] [WARN] /Users/mac/Documents/FrameworkSpace/EasyGameFrameworkOpen/examples/pinus-enet-chat/game-server/node_modules/pinus-scheduler/dist/job.js - run Job count 367 late :124399 lateCount 72
[2021-02-17T23:21:20.454] [WARN] /Users/mac/Documents/FrameworkSpace/EasyGameFrameworkOpen/examples/pinus-enet-chat/game-server/node_modules/pinus-scheduler/dist/job.js - run Job count 368 late :119399 lateCount 73
[2021-02-17T23:21:20.454] [WARN] /Users/mac/Documents/FrameworkSpace/EasyGameFrameworkOpen/examples/pinus-enet-chat/game-server/node_modules/pinus-scheduler/dist/job.js - run Job count 369 late :114399 lateCount 74
[2021-02-17T23:21:20.454] [WARN] /Users/mac/Documents/FrameworkSpace/EasyGameFrameworkOpen/examples/pinus-enet-chat/game-server/node_modules/pinus-scheduler/dist/job.js - run Job count 370 late :109399 lateCount 75
[2021-02-17T23:21:20.455] [WARN] /Users/mac/Documents/FrameworkSpace/EasyGameFrameworkOpen/examples/pinus-enet-chat/game-server/node_modules/pinus-scheduler/dist/job.js - run Job count 371 late :104400 lateCount 76
[2021-02-17T23:21:20.455] [WARN] /Users/mac/Documents/FrameworkSpace/EasyGameFrameworkOpen/examples/pinus-enet-chat/game-server/node_modules/pinus-scheduler/dist/job.js - run Job count 372 late :99400 lateCount 77
[2021-02-17T23:21:20.455] [WARN] /Users/mac/Documents/FrameworkSpace/EasyGameFrameworkOpen/examples/pinus-enet-chat/game-server/node_modules/pinus-scheduler/dist/job.js - run Job count 373 late :94400 lateCount 78
[2021-02-17T23:21:20.456] [WARN] /Users/mac/Documents/FrameworkSpace/EasyGameFrameworkOpen/examples/pinus-enet-chat/game-server/node_modules/pinus-scheduler/dist/job.js - run Job count 374 late :89401 lateCount 79
[2021-02-17T23:21:20.456] [WARN] /Users/mac/Documents/FrameworkSpace/EasyGameFrameworkOpen/examples/pinus-enet-chat/game-server/node_modules/pinus-scheduler/dist/job.js - run Job count 375 late :84403 lateCount 80
[2021-02-17T23:21:20.456] [WARN] /Users/mac/Documents/FrameworkSpace/EasyGameFrameworkOpen/examples/pinus-enet-chat/game-server/node_modules/pinus-scheduler/dist/job.js - run Job count 376 late :84401 lateCount 81
[2021-02-17T23:21:20.456] [WARN] /Users/mac/Documents/FrameworkSpace/EasyGameFrameworkOpen/examples/pinus-enet-chat/game-server/node_modules/pinus-scheduler/dist/job.js - run Job count 377 late :84401 lateCount 82
[2021-02-17T23:21:20.457] [WARN] /Users/mac/Documents/FrameworkSpace/EasyGameFrameworkOpen/examples/pinus-enet-chat/game-server/node_modules/pinus-scheduler/dist/job.js - run Job count 378 late :79402 lateCount 83
[2021-02-17T23:21:20.457] [WARN] /Users/mac/Documents/FrameworkSpace/EasyGameFrameworkOpen/examples/pinus-enet-chat/game-server/node_modules/pinus-scheduler/dist/job.js - run Job count 379 late :74402 lateCount 84
[2021-02-17T23:21:20.457] [WARN] /Users/mac/Documents/FrameworkSpace/EasyGameFrameworkOpen/examples/pinus-enet-chat/game-server/node_modules/pinus-scheduler/dist/job.js - run Job count 380 late :69402 lateCount 85
[2021-02-17T23:21:20.458] [WARN] /Users/mac/Documents/FrameworkSpace/EasyGameFrameworkOpen/examples/pinus-enet-chat/game-server/node_modules/pinus-scheduler/dist/job.js - run Job count 381 late :64403 lateCount 86
[2021-02-17T23:21:20.458] [WARN] /Users/mac/Documents/FrameworkSpace/EasyGameFrameworkOpen/examples/pinus-enet-chat/game-server/node_modules/pinus-scheduler/dist/job.js - run Job count 382 late :59403 lateCount 87
[2021-02-17T23:21:20.458] [WARN] /Users/mac/Documents/FrameworkSpace/EasyGameFrameworkOpen/examples/pinus-enet-chat/game-server/node_modules/pinus-scheduler/dist/job.js - run Job count 383 late :54403 lateCount 88
[2021-02-17T23:21:20.458] [WARN] /Users/mac/Documents/FrameworkSpace/EasyGameFrameworkOpen/examples/pinus-enet-chat/game-server/node_modules/pinus-scheduler/dist/job.js - run Job count 384 late :49403 lateCount 89
[2021-02-17T23:21:20.459] [WARN] /Users/mac/Documents/FrameworkSpace/EasyGameFrameworkOpen/examples/pinus-enet-chat/game-server/node_modules/pinus-scheduler/dist/job.js - run Job count 385 late :44404 lateCount 90
[2021-02-17T23:21:20.459] [WARN] /Users/mac/Documents/FrameworkSpace/EasyGameFrameworkOpen/examples/pinus-enet-chat/game-server/node_modules/pinus-scheduler/dist/job.js - run Job count 386 late :39404 lateCount 91
[2021-02-17T23:21:20.459] [WARN] /Users/mac/Documents/FrameworkSpace/EasyGameFrameworkOpen/examples/pinus-enet-chat/game-server/node_modules/pinus-scheduler/dist/job.js - run Job count 387 late :34404 lateCount 92
[2021-02-17T23:21:20.460] [WARN] /Users/mac/Documents/FrameworkSpace/EasyGameFrameworkOpen/examples/pinus-enet-chat/game-server/node_modules/pinus-scheduler/dist/job.js - run Job count 388 late :29405 lateCount 93
[2021-02-17T23:21:20.460] [WARN] /Users/mac/Documents/FrameworkSpace/EasyGameFrameworkOpen/examples/pinus-enet-chat/game-server/node_modules/pinus-scheduler/dist/job.js - run Job count 389 late :24405 lateCount 94
[2021-02-17T23:21:20.460] [WARN] /Users/mac/Documents/FrameworkSpace/EasyGameFrameworkOpen/examples/pinus-enet-chat/game-server/node_modules/pinus-scheduler/dist/job.js - run Job count 390 late :19405 lateCount 95
[2021-02-17T23:21:20.460] [WARN] /Users/mac/Documents/FrameworkSpace/EasyGameFrameworkOpen/examples/pinus-enet-chat/game-server/node_modules/pinus-scheduler/dist/job.js - run Job count 391 late :14405 lateCount 96
[2021-02-17T23:21:20.461] [WARN] /Users/mac/Documents/FrameworkSpace/EasyGameFrameworkOpen/examples/pinus-enet-chat/game-server/node_modules/pinus-scheduler/dist/job.js - run Job count 392 late :9406 lateCount 97
[2021-02-17T23:21:20.461] [WARN] /Users/mac/Documents/FrameworkSpace/EasyGameFrameworkOpen/examples/pinus-enet-chat/game-server/node_modules/pinus-scheduler/dist/job.js - run Job count 393 late :4406 lateCount 98
[2021-02-17T23:21:50.791] [INFO] pinus - [master-server-1 application.js] application inited: "master-server-1"
[2021-02-17T23:21:50.796] [INFO] pinus - [master-server-1 application.js] "master-server-1" enter before start...
[2021-02-17T23:21:50.796] [INFO] pinus - [master-server-1 application.js] "master-server-1" enter start...
[2021-02-17T23:21:50.796] [INFO] logger - [master-server-1 console] TestComponent  start master-server-1
[2021-02-17T23:21:50.806] [INFO] pinus - [master-server-1 starter.js] Executing /Users/mac/.nvm/versions/node/v15.8.0/bin/node --inspect=10001,/Users/mac/Documents/FrameworkSpace/EasyGameFrameworkOpen/examples/pinus-enet-chat/game-server/tsrun.js,env=development,id=connector-server-1,host=127.0.0.1,port=4050,clientPort=3050,frontend=true,args=--inspect=10001,serverType=connector locally
[2021-02-17T23:21:50.819] [INFO] pinus - [master-server-1 starter.js] Executing /Users/mac/.nvm/versions/node/v15.8.0/bin/node --inspect=10002,/Users/mac/Documents/FrameworkSpace/EasyGameFrameworkOpen/examples/pinus-enet-chat/game-server/tsrun.js,env=development,id=chat-server-1,host=127.0.0.1,port=6050,args=--inspect=10002,serverType=chat locally
[2021-02-17T23:21:50.826] [INFO] pinus - [master-server-1 starter.js] Executing /Users/mac/.nvm/versions/node/v15.8.0/bin/node --inspect=10003,/Users/mac/Documents/FrameworkSpace/EasyGameFrameworkOpen/examples/pinus-enet-chat/game-server/tsrun.js,env=development,id=gate-server-1,host=127.0.0.1,clientPort=3014,frontend=true,args=--inspect=10003,serverType=gate locally
[2021-02-17T23:21:51.277] [DEBUG] pinus - [master-server-1 masterwatcher.js] masterwatcher receive add server event, with server: {"id":"master-server-1","host":"127.0.0.1","port":3005,"pid":20681}
[2021-02-17T23:21:51.283] [INFO] pinus - [master-server-1 application.js] "master-server-1" enter after start...
[2021-02-17T23:21:51.284] [INFO] pinus - [master-server-1 application.js] "master-server-1" finish start
[2021-02-17T23:21:51.284] [INFO] pinus - [master-server-1 application.js] "master-server-1" startup in 490 ms
[2021-02-17T23:22:00.212] [DEBUG] pinus - [master-server-1 masterwatcher.js] masterwatcher receive add server event, with server: {"main":"/Users/mac/Documents/FrameworkSpace/EasyGameFrameworkOpen/examples/pinus-enet-chat/game-server/tsrun.js","env":"development","id":"chat-server-1","host":"127.0.0.1","port":6050,"args":"--inspect=10002","serverType":"chat","remoterPaths":[{"namespace":"sys","serverType":"chat","path":"/Users/mac/Documents/FrameworkSpace/EasyGameFrameworkOpen/examples/pinus-enet-chat/game-server/node_modules/pinus/dist/lib/common/remote/backend"},{"namespace":"user","serverType":"chat","path":"/Users/mac/Documents/FrameworkSpace/EasyGameFrameworkOpen/examples/pinus-enet-chat/game-server/app/servers/chat/remote"}],"handlerPaths":["/Users/mac/Documents/FrameworkSpace/EasyGameFrameworkOpen/examples/pinus-enet-chat/game-server/app/servers/chat/handler"],"pid":20686}
[2021-02-17T23:22:00.215] [DEBUG] pinus - [master-server-1 monitorwatcher.js] [master-server-1] receive addServer signal: {"action":"addServer","server":{"main":"/Users/mac/Documents/FrameworkSpace/EasyGameFrameworkOpen/examples/pinus-enet-chat/game-server/tsrun.js","env":"development","id":"chat-server-1","host":"127.0.0.1","port":6050,"args":"--inspect=10002","serverType":"chat","remoterPaths":[{"namespace":"sys","serverType":"chat","path":"/Users/mac/Documents/FrameworkSpace/EasyGameFrameworkOpen/examples/pinus-enet-chat/game-server/node_modules/pinus/dist/lib/common/remote/backend"},{"namespace":"user","serverType":"chat","path":"/Users/mac/Documents/FrameworkSpace/EasyGameFrameworkOpen/examples/pinus-enet-chat/game-server/app/servers/chat/remote"}],"handlerPaths":["/Users/mac/Documents/FrameworkSpace/EasyGameFrameworkOpen/examples/pinus-enet-chat/game-server/app/servers/chat/handler"],"pid":20686}}
[2021-02-17T23:22:00.647] [DEBUG] pinus - [master-server-1 masterwatcher.js] masterwatcher receive add server event, with server: {"main":"/Users/mac/Documents/FrameworkSpace/EasyGameFrameworkOpen/examples/pinus-enet-chat/game-server/tsrun.js","env":"development","id":"gate-server-1","host":"127.0.0.1","clientPort":3014,"frontend":"true","args":"--inspect=10003","serverType":"gate","handlerPaths":["/Users/mac/Documents/FrameworkSpace/EasyGameFrameworkOpen/examples/pinus-enet-chat/game-server/app/servers/gate/handler"],"pid":20687}
[2021-02-17T23:22:00.649] [DEBUG] pinus - [master-server-1 monitorwatcher.js] [master-server-1] receive addServer signal: {"action":"addServer","server":{"main":"/Users/mac/Documents/FrameworkSpace/EasyGameFrameworkOpen/examples/pinus-enet-chat/game-server/tsrun.js","env":"development","id":"gate-server-1","host":"127.0.0.1","clientPort":3014,"frontend":"true","args":"--inspect=10003","serverType":"gate","handlerPaths":["/Users/mac/Documents/FrameworkSpace/EasyGameFrameworkOpen/examples/pinus-enet-chat/game-server/app/servers/gate/handler"],"pid":20687}}
[2021-02-17T23:22:02.250] [DEBUG] pinus - [master-server-1 masterwatcher.js] masterwatcher receive add server event, with server: {"main":"/Users/mac/Documents/FrameworkSpace/EasyGameFrameworkOpen/examples/pinus-enet-chat/game-server/tsrun.js","env":"development","id":"connector-server-1","host":"127.0.0.1","port":4050,"clientPort":3050,"frontend":"true","args":"--inspect=10001","serverType":"connector","remoterPaths":[{"namespace":"sys","serverType":"connector","path":"/Users/mac/Documents/FrameworkSpace/EasyGameFrameworkOpen/examples/pinus-enet-chat/game-server/node_modules/pinus/dist/lib/common/remote/frontend"}],"handlerPaths":["/Users/mac/Documents/FrameworkSpace/EasyGameFrameworkOpen/examples/pinus-enet-chat/game-server/app/servers/connector/handler"],"pid":20685}
[2021-02-17T23:22:02.252] [DEBUG] pinus - [master-server-1 monitorwatcher.js] [master-server-1] receive addServer signal: {"action":"addServer","server":{"main":"/Users/mac/Documents/FrameworkSpace/EasyGameFrameworkOpen/examples/pinus-enet-chat/game-server/tsrun.js","env":"development","id":"connector-server-1","host":"127.0.0.1","port":4050,"clientPort":3050,"frontend":"true","args":"--inspect=10001","serverType":"connector","remoterPaths":[{"namespace":"sys","serverType":"connector","path":"/Users/mac/Documents/FrameworkSpace/EasyGameFrameworkOpen/examples/pinus-enet-chat/game-server/node_modules/pinus/dist/lib/common/remote/frontend"}],"handlerPaths":["/Users/mac/Documents/FrameworkSpace/EasyGameFrameworkOpen/examples/pinus-enet-chat/game-server/app/servers/connector/handler"],"pid":20685}}
[2021-02-17T23:22:02.292] [WARN] pinus - [master-server-1 watchdog.js] all servers startup in 11497 ms
[2021-02-17T23:48:56.869] [INFO] pinus - [master-server-1 application.js] application inited: "master-server-1"
[2021-02-17T23:48:56.874] [INFO] pinus - [master-server-1 application.js] "master-server-1" enter before start...
[2021-02-17T23:48:56.874] [INFO] pinus - [master-server-1 application.js] "master-server-1" enter start...
[2021-02-17T23:48:56.874] [INFO] logger - [master-server-1 console] TestComponent  start master-server-1
[2021-02-17T23:48:56.885] [INFO] pinus - [master-server-1 starter.js] Executing /Users/mac/.nvm/versions/node/v15.8.0/bin/node --inspect=10001,/Users/mac/Documents/FrameworkSpace/EasyGameFrameworkOpen/examples/pinus-enet-chat/game-server/tsrun.js,env=development,id=connector-server-1,host=127.0.0.1,port=4050,clientPort=3050,frontend=true,args=--inspect=10001,serverType=connector locally
[2021-02-17T23:48:56.898] [INFO] pinus - [master-server-1 starter.js] Executing /Users/mac/.nvm/versions/node/v15.8.0/bin/node --inspect=10002,/Users/mac/Documents/FrameworkSpace/EasyGameFrameworkOpen/examples/pinus-enet-chat/game-server/tsrun.js,env=development,id=chat-server-1,host=127.0.0.1,port=6050,args=--inspect=10002,serverType=chat locally
[2021-02-17T23:48:56.904] [INFO] pinus - [master-server-1 starter.js] Executing /Users/mac/.nvm/versions/node/v15.8.0/bin/node --inspect=10003,/Users/mac/Documents/FrameworkSpace/EasyGameFrameworkOpen/examples/pinus-enet-chat/game-server/tsrun.js,env=development,id=gate-server-1,host=127.0.0.1,clientPort=3014,frontend=true,args=--inspect=10003,serverType=gate locally
[2021-02-17T23:48:57.347] [DEBUG] pinus - [master-server-1 masterwatcher.js] masterwatcher receive add server event, with server: {"id":"master-server-1","host":"127.0.0.1","port":3005,"pid":21406}
[2021-02-17T23:48:57.356] [INFO] pinus - [master-server-1 application.js] "master-server-1" enter after start...
[2021-02-17T23:48:57.356] [INFO] pinus - [master-server-1 application.js] "master-server-1" finish start
[2021-02-17T23:48:57.357] [INFO] pinus - [master-server-1 application.js] "master-server-1" startup in 484 ms
[2021-02-17T23:49:05.599] [DEBUG] pinus - [master-server-1 masterwatcher.js] masterwatcher receive add server event, with server: {"main":"/Users/mac/Documents/FrameworkSpace/EasyGameFrameworkOpen/examples/pinus-enet-chat/game-server/tsrun.js","env":"development","id":"chat-server-1","host":"127.0.0.1","port":6050,"args":"--inspect=10002","serverType":"chat","remoterPaths":[{"namespace":"sys","serverType":"chat","path":"/Users/mac/Documents/FrameworkSpace/EasyGameFrameworkOpen/examples/pinus-enet-chat/game-server/node_modules/pinus/dist/lib/common/remote/backend"},{"namespace":"user","serverType":"chat","path":"/Users/mac/Documents/FrameworkSpace/EasyGameFrameworkOpen/examples/pinus-enet-chat/game-server/app/servers/chat/remote"}],"handlerPaths":["/Users/mac/Documents/FrameworkSpace/EasyGameFrameworkOpen/examples/pinus-enet-chat/game-server/app/servers/chat/handler"],"pid":21417}
[2021-02-17T23:49:05.601] [DEBUG] pinus - [master-server-1 monitorwatcher.js] [master-server-1] receive addServer signal: {"action":"addServer","server":{"main":"/Users/mac/Documents/FrameworkSpace/EasyGameFrameworkOpen/examples/pinus-enet-chat/game-server/tsrun.js","env":"development","id":"chat-server-1","host":"127.0.0.1","port":6050,"args":"--inspect=10002","serverType":"chat","remoterPaths":[{"namespace":"sys","serverType":"chat","path":"/Users/mac/Documents/FrameworkSpace/EasyGameFrameworkOpen/examples/pinus-enet-chat/game-server/node_modules/pinus/dist/lib/common/remote/backend"},{"namespace":"user","serverType":"chat","path":"/Users/mac/Documents/FrameworkSpace/EasyGameFrameworkOpen/examples/pinus-enet-chat/game-server/app/servers/chat/remote"}],"handlerPaths":["/Users/mac/Documents/FrameworkSpace/EasyGameFrameworkOpen/examples/pinus-enet-chat/game-server/app/servers/chat/handler"],"pid":21417}}
[2021-02-17T23:49:06.111] [DEBUG] pinus - [master-server-1 masterwatcher.js] masterwatcher receive add server event, with server: {"main":"/Users/mac/Documents/FrameworkSpace/EasyGameFrameworkOpen/examples/pinus-enet-chat/game-server/tsrun.js","env":"development","id":"gate-server-1","host":"127.0.0.1","clientPort":3014,"frontend":"true","args":"--inspect=10003","serverType":"gate","handlerPaths":["/Users/mac/Documents/FrameworkSpace/EasyGameFrameworkOpen/examples/pinus-enet-chat/game-server/app/servers/gate/handler"],"pid":21418}
[2021-02-17T23:49:06.113] [DEBUG] pinus - [master-server-1 monitorwatcher.js] [master-server-1] receive addServer signal: {"action":"addServer","server":{"main":"/Users/mac/Documents/FrameworkSpace/EasyGameFrameworkOpen/examples/pinus-enet-chat/game-server/tsrun.js","env":"development","id":"gate-server-1","host":"127.0.0.1","clientPort":3014,"frontend":"true","args":"--inspect=10003","serverType":"gate","handlerPaths":["/Users/mac/Documents/FrameworkSpace/EasyGameFrameworkOpen/examples/pinus-enet-chat/game-server/app/servers/gate/handler"],"pid":21418}}
[2021-02-17T23:49:07.591] [DEBUG] pinus - [master-server-1 masterwatcher.js] masterwatcher receive add server event, with server: {"main":"/Users/mac/Documents/FrameworkSpace/EasyGameFrameworkOpen/examples/pinus-enet-chat/game-server/tsrun.js","env":"development","id":"connector-server-1","host":"127.0.0.1","port":4050,"clientPort":3050,"frontend":"true","args":"--inspect=10001","serverType":"connector","remoterPaths":[{"namespace":"sys","serverType":"connector","path":"/Users/mac/Documents/FrameworkSpace/EasyGameFrameworkOpen/examples/pinus-enet-chat/game-server/node_modules/pinus/dist/lib/common/remote/frontend"}],"handlerPaths":["/Users/mac/Documents/FrameworkSpace/EasyGameFrameworkOpen/examples/pinus-enet-chat/game-server/app/servers/connector/handler"],"pid":21416}
[2021-02-17T23:49:07.592] [DEBUG] pinus - [master-server-1 monitorwatcher.js] [master-server-1] receive addServer signal: {"action":"addServer","server":{"main":"/Users/mac/Documents/FrameworkSpace/EasyGameFrameworkOpen/examples/pinus-enet-chat/game-server/tsrun.js","env":"development","id":"connector-server-1","host":"127.0.0.1","port":4050,"clientPort":3050,"frontend":"true","args":"--inspect=10001","serverType":"connector","remoterPaths":[{"namespace":"sys","serverType":"connector","path":"/Users/mac/Documents/FrameworkSpace/EasyGameFrameworkOpen/examples/pinus-enet-chat/game-server/node_modules/pinus/dist/lib/common/remote/frontend"}],"handlerPaths":["/Users/mac/Documents/FrameworkSpace/EasyGameFrameworkOpen/examples/pinus-enet-chat/game-server/app/servers/connector/handler"],"pid":21416}}
[2021-02-17T23:49:07.642] [WARN] pinus - [master-server-1 watchdog.js] all servers startup in 10770 ms
[2021-02-18T11:18:08.850] [INFO] pinus - [master-server-1 application.js] application inited: "master-server-1"
[2021-02-18T11:18:08.855] [INFO] pinus - [master-server-1 application.js] "master-server-1" enter before start...
[2021-02-18T11:18:08.855] [INFO] pinus - [master-server-1 application.js] "master-server-1" enter start...
[2021-02-18T11:18:08.856] [INFO] logger - [master-server-1 console] TestComponent  start master-server-1
[2021-02-18T11:18:08.872] [INFO] pinus - [master-server-1 starter.js] Executing /Users/mac/.nvm/versions/node/v15.8.0/bin/node --inspect=10001,/Users/mac/Documents/FrameworkSpace/EasyGameFrameworkOpen/examples/pinus-enet-chat/game-server/tsrun.js,env=development,id=connector-server-1,host=127.0.0.1,port=4050,clientPort=3050,frontend=true,args=--inspect=10001,serverType=connector locally
[2021-02-18T11:18:08.884] [INFO] pinus - [master-server-1 starter.js] Executing /Users/mac/.nvm/versions/node/v15.8.0/bin/node --inspect=10002,/Users/mac/Documents/FrameworkSpace/EasyGameFrameworkOpen/examples/pinus-enet-chat/game-server/tsrun.js,env=development,id=chat-server-1,host=127.0.0.1,port=6050,args=--inspect=10002,serverType=chat locally
[2021-02-18T11:18:08.889] [INFO] pinus - [master-server-1 starter.js] Executing /Users/mac/.nvm/versions/node/v15.8.0/bin/node --inspect=10003,/Users/mac/Documents/FrameworkSpace/EasyGameFrameworkOpen/examples/pinus-enet-chat/game-server/tsrun.js,env=development,id=gate-server-1,host=127.0.0.1,clientPort=3014,frontend=true,args=--inspect=10003,serverType=gate locally
[2021-02-18T11:18:09.407] [DEBUG] pinus - [master-server-1 masterwatcher.js] masterwatcher receive add server event, with server: {"id":"master-server-1","host":"127.0.0.1","port":3005,"pid":2811}
[2021-02-18T11:18:09.412] [INFO] pinus - [master-server-1 application.js] "master-server-1" enter after start...
[2021-02-18T11:18:09.413] [INFO] pinus - [master-server-1 application.js] "master-server-1" finish start
[2021-02-18T11:18:09.413] [INFO] pinus - [master-server-1 application.js] "master-server-1" startup in 560 ms
[2021-02-18T11:18:21.726] [DEBUG] pinus - [master-server-1 masterwatcher.js] masterwatcher receive add server event, with server: {"main":"/Users/mac/Documents/FrameworkSpace/EasyGameFrameworkOpen/examples/pinus-enet-chat/game-server/tsrun.js","env":"development","id":"chat-server-1","host":"127.0.0.1","port":6050,"args":"--inspect=10002","serverType":"chat","remoterPaths":[{"namespace":"sys","serverType":"chat","path":"/Users/mac/Documents/FrameworkSpace/EasyGameFrameworkOpen/examples/pinus-enet-chat/game-server/node_modules/pinus/dist/lib/common/remote/backend"},{"namespace":"user","serverType":"chat","path":"/Users/mac/Documents/FrameworkSpace/EasyGameFrameworkOpen/examples/pinus-enet-chat/game-server/app/servers/chat/remote"}],"handlerPaths":["/Users/mac/Documents/FrameworkSpace/EasyGameFrameworkOpen/examples/pinus-enet-chat/game-server/app/servers/chat/handler"],"pid":2817}
[2021-02-18T11:18:21.729] [DEBUG] pinus - [master-server-1 monitorwatcher.js] [master-server-1] receive addServer signal: {"action":"addServer","server":{"main":"/Users/mac/Documents/FrameworkSpace/EasyGameFrameworkOpen/examples/pinus-enet-chat/game-server/tsrun.js","env":"development","id":"chat-server-1","host":"127.0.0.1","port":6050,"args":"--inspect=10002","serverType":"chat","remoterPaths":[{"namespace":"sys","serverType":"chat","path":"/Users/mac/Documents/FrameworkSpace/EasyGameFrameworkOpen/examples/pinus-enet-chat/game-server/node_modules/pinus/dist/lib/common/remote/backend"},{"namespace":"user","serverType":"chat","path":"/Users/mac/Documents/FrameworkSpace/EasyGameFrameworkOpen/examples/pinus-enet-chat/game-server/app/servers/chat/remote"}],"handlerPaths":["/Users/mac/Documents/FrameworkSpace/EasyGameFrameworkOpen/examples/pinus-enet-chat/game-server/app/servers/chat/handler"],"pid":2817}}
[2021-02-18T11:18:22.693] [DEBUG] pinus - [master-server-1 masterwatcher.js] masterwatcher receive add server event, with server: {"main":"/Users/mac/Documents/FrameworkSpace/EasyGameFrameworkOpen/examples/pinus-enet-chat/game-server/tsrun.js","env":"development","id":"gate-server-1","host":"127.0.0.1","clientPort":3014,"frontend":"true","args":"--inspect=10003","serverType":"gate","handlerPaths":["/Users/mac/Documents/FrameworkSpace/EasyGameFrameworkOpen/examples/pinus-enet-chat/game-server/app/servers/gate/handler"],"pid":2818}
[2021-02-18T11:18:22.695] [DEBUG] pinus - [master-server-1 monitorwatcher.js] [master-server-1] receive addServer signal: {"action":"addServer","server":{"main":"/Users/mac/Documents/FrameworkSpace/EasyGameFrameworkOpen/examples/pinus-enet-chat/game-server/tsrun.js","env":"development","id":"gate-server-1","host":"127.0.0.1","clientPort":3014,"frontend":"true","args":"--inspect=10003","serverType":"gate","handlerPaths":["/Users/mac/Documents/FrameworkSpace/EasyGameFrameworkOpen/examples/pinus-enet-chat/game-server/app/servers/gate/handler"],"pid":2818}}
[2021-02-18T11:18:24.403] [DEBUG] pinus - [master-server-1 masterwatcher.js] masterwatcher receive add server event, with server: {"main":"/Users/mac/Documents/FrameworkSpace/EasyGameFrameworkOpen/examples/pinus-enet-chat/game-server/tsrun.js","env":"development","id":"connector-server-1","host":"127.0.0.1","port":4050,"clientPort":3050,"frontend":"true","args":"--inspect=10001","serverType":"connector","remoterPaths":[{"namespace":"sys","serverType":"connector","path":"/Users/mac/Documents/FrameworkSpace/EasyGameFrameworkOpen/examples/pinus-enet-chat/game-server/node_modules/pinus/dist/lib/common/remote/frontend"}],"handlerPaths":["/Users/mac/Documents/FrameworkSpace/EasyGameFrameworkOpen/examples/pinus-enet-chat/game-server/app/servers/connector/handler"],"pid":2816}
[2021-02-18T11:18:24.405] [DEBUG] pinus - [master-server-1 monitorwatcher.js] [master-server-1] receive addServer signal: {"action":"addServer","server":{"main":"/Users/mac/Documents/FrameworkSpace/EasyGameFrameworkOpen/examples/pinus-enet-chat/game-server/tsrun.js","env":"development","id":"connector-server-1","host":"127.0.0.1","port":4050,"clientPort":3050,"frontend":"true","args":"--inspect=10001","serverType":"connector","remoterPaths":[{"namespace":"sys","serverType":"connector","path":"/Users/mac/Documents/FrameworkSpace/EasyGameFrameworkOpen/examples/pinus-enet-chat/game-server/node_modules/pinus/dist/lib/common/remote/frontend"}],"handlerPaths":["/Users/mac/Documents/FrameworkSpace/EasyGameFrameworkOpen/examples/pinus-enet-chat/game-server/app/servers/connector/handler"],"pid":2816}}
[2021-02-18T11:18:24.528] [WARN] pinus - [master-server-1 watchdog.js] all servers startup in 15674 ms
