[2021-02-17T22:49:55.424] [INFO] pinus - [chat-server-1 application.js] application inited: "chat-server-1"
[2021-02-17T22:49:55.435] [INFO] pinus - [chat-server-1 application.js] "chat-server-1" enter before start...
[2021-02-17T22:49:55.436] [INFO] pinus - [chat-server-1 application.js] "chat-server-1" enter start...
[2021-02-17T22:49:55.437] [INFO] logger - [chat-server-1 console] TestComponent  start chat-server-1
[2021-02-17T22:49:55.879] [INFO] pinus - [chat-server-1 application.js] "chat-server-1" enter after start...
[2021-02-17T22:49:55.880] [INFO] pinus - [chat-server-1 application.js] "chat-server-1" finish start
[2021-02-17T22:49:55.881] [INFO] pinus - [chat-server-1 application.js] "chat-server-1" startup in 454 ms
[2021-02-17T22:49:56.569] [DEBUG] pinus - [chat-server-1 monitorwatcher.js] [chat-server-1] receive addServer signal: {"action":"addServer","server":{"main":"/Users/mac/Documents/FrameworkSpace/EasyGameFrameworkOpen/examples/pinus-enet-chat/game-server/tsrun.js","env":"development","id":"gate-server-1","host":"127.0.0.1","clientPort":3014,"frontend":"true","args":"--inspect=10003","serverType":"gate","handlerPaths":["/Users/mac/Documents/FrameworkSpace/EasyGameFrameworkOpen/examples/pinus-enet-chat/game-server/app/servers/gate/handler"],"pid":19631}}
[2021-02-17T22:49:57.439] [DEBUG] pinus - [chat-server-1 monitorwatcher.js] [chat-server-1] receive addServer signal: {"action":"addServer","server":{"main":"/Users/mac/Documents/FrameworkSpace/EasyGameFrameworkOpen/examples/pinus-enet-chat/game-server/tsrun.js","env":"development","id":"connector-server-1","host":"127.0.0.1","port":4050,"clientPort":3050,"frontend":"true","args":"--inspect=10001","serverType":"connector","remoterPaths":[{"namespace":"sys","serverType":"connector","path":"/Users/mac/Documents/FrameworkSpace/EasyGameFrameworkOpen/examples/pinus-enet-chat/game-server/node_modules/pinus/dist/lib/common/remote/frontend"}],"handlerPaths":["/Users/mac/Documents/FrameworkSpace/EasyGameFrameworkOpen/examples/pinus-enet-chat/game-server/app/servers/connector/handler"],"pid":19629}}
[2021-02-17T23:21:59.761] [INFO] pinus - [chat-server-1 application.js] application inited: "chat-server-1"
[2021-02-17T23:21:59.774] [INFO] pinus - [chat-server-1 application.js] "chat-server-1" enter before start...
[2021-02-17T23:21:59.775] [INFO] pinus - [chat-server-1 application.js] "chat-server-1" enter start...
[2021-02-17T23:21:59.775] [INFO] logger - [chat-server-1 console] TestComponent  start chat-server-1
[2021-02-17T23:22:00.223] [INFO] pinus - [chat-server-1 application.js] "chat-server-1" enter after start...
[2021-02-17T23:22:00.232] [INFO] pinus - [chat-server-1 application.js] "chat-server-1" finish start
[2021-02-17T23:22:00.233] [INFO] pinus - [chat-server-1 application.js] "chat-server-1" startup in 464 ms
[2021-02-17T23:22:00.651] [DEBUG] pinus - [chat-server-1 monitorwatcher.js] [chat-server-1] receive addServer signal: {"action":"addServer","server":{"main":"/Users/mac/Documents/FrameworkSpace/EasyGameFrameworkOpen/examples/pinus-enet-chat/game-server/tsrun.js","env":"development","id":"gate-server-1","host":"127.0.0.1","clientPort":3014,"frontend":"true","args":"--inspect=10003","serverType":"gate","handlerPaths":["/Users/mac/Documents/FrameworkSpace/EasyGameFrameworkOpen/examples/pinus-enet-chat/game-server/app/servers/gate/handler"],"pid":20687}}
[2021-02-17T23:22:02.252] [DEBUG] pinus - [chat-server-1 monitorwatcher.js] [chat-server-1] receive addServer signal: {"action":"addServer","server":{"main":"/Users/mac/Documents/FrameworkSpace/EasyGameFrameworkOpen/examples/pinus-enet-chat/game-server/tsrun.js","env":"development","id":"connector-server-1","host":"127.0.0.1","port":4050,"clientPort":3050,"frontend":"true","args":"--inspect=10001","serverType":"connector","remoterPaths":[{"namespace":"sys","serverType":"connector","path":"/Users/mac/Documents/FrameworkSpace/EasyGameFrameworkOpen/examples/pinus-enet-chat/game-server/node_modules/pinus/dist/lib/common/remote/frontend"}],"handlerPaths":["/Users/mac/Documents/FrameworkSpace/EasyGameFrameworkOpen/examples/pinus-enet-chat/game-server/app/servers/connector/handler"],"pid":20685}}
[2021-02-17T23:49:05.124] [INFO] pinus - [chat-server-1 application.js] application inited: "chat-server-1"
[2021-02-17T23:49:05.137] [INFO] pinus - [chat-server-1 application.js] "chat-server-1" enter before start...
[2021-02-17T23:49:05.138] [INFO] pinus - [chat-server-1 application.js] "chat-server-1" enter start...
[2021-02-17T23:49:05.139] [INFO] logger - [chat-server-1 console] TestComponent  start chat-server-1
[2021-02-17T23:49:05.653] [INFO] pinus - [chat-server-1 application.js] "chat-server-1" enter after start...
[2021-02-17T23:49:05.656] [INFO] pinus - [chat-server-1 application.js] "chat-server-1" finish start
[2021-02-17T23:49:05.657] [INFO] pinus - [chat-server-1 application.js] "chat-server-1" startup in 524 ms
[2021-02-17T23:49:06.113] [DEBUG] pinus - [chat-server-1 monitorwatcher.js] [chat-server-1] receive addServer signal: {"action":"addServer","server":{"main":"/Users/mac/Documents/FrameworkSpace/EasyGameFrameworkOpen/examples/pinus-enet-chat/game-server/tsrun.js","env":"development","id":"gate-server-1","host":"127.0.0.1","clientPort":3014,"frontend":"true","args":"--inspect=10003","serverType":"gate","handlerPaths":["/Users/mac/Documents/FrameworkSpace/EasyGameFrameworkOpen/examples/pinus-enet-chat/game-server/app/servers/gate/handler"],"pid":21418}}
[2021-02-17T23:49:07.592] [DEBUG] pinus - [chat-server-1 monitorwatcher.js] [chat-server-1] receive addServer signal: {"action":"addServer","server":{"main":"/Users/mac/Documents/FrameworkSpace/EasyGameFrameworkOpen/examples/pinus-enet-chat/game-server/tsrun.js","env":"development","id":"connector-server-1","host":"127.0.0.1","port":4050,"clientPort":3050,"frontend":"true","args":"--inspect=10001","serverType":"connector","remoterPaths":[{"namespace":"sys","serverType":"connector","path":"/Users/mac/Documents/FrameworkSpace/EasyGameFrameworkOpen/examples/pinus-enet-chat/game-server/node_modules/pinus/dist/lib/common/remote/frontend"}],"handlerPaths":["/Users/mac/Documents/FrameworkSpace/EasyGameFrameworkOpen/examples/pinus-enet-chat/game-server/app/servers/connector/handler"],"pid":21416}}
[2021-02-18T00:25:58.086] [DEBUG] pinus - [chat-server-1 channelService.js] [chat-server-1] channelService sendMessageByGroup route: onAdd, msg: {"user":"ailhc"}, groups: {}, opts: undefined
[2021-02-18T00:26:38.496] [DEBUG] pinus - [chat-server-1 channelService.js] [chat-server-1] channelService sendMessageByGroup route: onChat, msg: {"msg":"fdafa","from":"ailhc","target":"*"}, groups: {"connector-server-1":["ailhc*1"]}, opts: undefined
[2021-02-18T11:18:20.729] [INFO] pinus - [chat-server-1 application.js] application inited: "chat-server-1"
[2021-02-18T11:18:20.749] [INFO] pinus - [chat-server-1 application.js] "chat-server-1" enter before start...
[2021-02-18T11:18:20.751] [INFO] pinus - [chat-server-1 application.js] "chat-server-1" enter start...
[2021-02-18T11:18:20.765] [INFO] logger - [chat-server-1 console] TestComponent  start chat-server-1
[2021-02-18T11:18:21.818] [INFO] pinus - [chat-server-1 application.js] "chat-server-1" enter after start...
[2021-02-18T11:18:21.864] [INFO] pinus - [chat-server-1 application.js] "chat-server-1" finish start
[2021-02-18T11:18:21.866] [INFO] pinus - [chat-server-1 application.js] "chat-server-1" startup in 1127 ms
[2021-02-18T11:18:22.696] [DEBUG] pinus - [chat-server-1 monitorwatcher.js] [chat-server-1] receive addServer signal: {"action":"addServer","server":{"main":"/Users/mac/Documents/FrameworkSpace/EasyGameFrameworkOpen/examples/pinus-enet-chat/game-server/tsrun.js","env":"development","id":"gate-server-1","host":"127.0.0.1","clientPort":3014,"frontend":"true","args":"--inspect=10003","serverType":"gate","handlerPaths":["/Users/mac/Documents/FrameworkSpace/EasyGameFrameworkOpen/examples/pinus-enet-chat/game-server/app/servers/gate/handler"],"pid":2818}}
[2021-02-18T11:18:24.405] [DEBUG] pinus - [chat-server-1 monitorwatcher.js] [chat-server-1] receive addServer signal: {"action":"addServer","server":{"main":"/Users/mac/Documents/FrameworkSpace/EasyGameFrameworkOpen/examples/pinus-enet-chat/game-server/tsrun.js","env":"development","id":"connector-server-1","host":"127.0.0.1","port":4050,"clientPort":3050,"frontend":"true","args":"--inspect=10001","serverType":"connector","remoterPaths":[{"namespace":"sys","serverType":"connector","path":"/Users/mac/Documents/FrameworkSpace/EasyGameFrameworkOpen/examples/pinus-enet-chat/game-server/node_modules/pinus/dist/lib/common/remote/frontend"}],"handlerPaths":["/Users/mac/Documents/FrameworkSpace/EasyGameFrameworkOpen/examples/pinus-enet-chat/game-server/app/servers/connector/handler"],"pid":2816}}
[2021-02-18T11:18:57.550] [DEBUG] pinus - [chat-server-1 channelService.js] [chat-server-1] channelService sendMessageByGroup route: onAdd, msg: {"user":"ailhc"}, groups: {}, opts: undefined
[2021-02-18T11:19:07.826] [DEBUG] pinus - [chat-server-1 channelService.js] [chat-server-1] channelService sendMessageByGroup route: onChat, msg: {"msg":"ailhc","from":"ailhc","target":"*"}, groups: {"connector-server-1":["ailhc*1"]}, opts: undefined
[2021-02-18T11:19:30.795] [DEBUG] pinus - [chat-server-1 channelService.js] [chat-server-1] channelService sendMessageByGroup route: onChat, msg: {"msg":"af","from":"ailhc","target":"*"}, groups: {"connector-server-1":["ailhc*1"]}, opts: undefined
[2021-02-18T11:20:57.541] [DEBUG] pinus - [chat-server-1 channelService.js] [chat-server-1] channelService sendMessageByGroup route: onLeave, msg: {"user":"ailhc"}, groups: {}, opts: undefined
[2021-02-18T11:21:34.259] [DEBUG] pinus - [chat-server-1 channelService.js] [chat-server-1] channelService sendMessageByGroup route: onAdd, msg: {"user":"ailhc"}, groups: {}, opts: undefined
[2021-02-18T11:21:36.994] [DEBUG] pinus - [chat-server-1 channelService.js] [chat-server-1] channelService sendMessageByGroup route: onChat, msg: {"msg":"ailhc","from":"ailhc","target":"*"}, groups: {"connector-server-1":["ailhc*1"]}, opts: undefined
[2021-02-18T11:21:59.966] [DEBUG] pinus - [chat-server-1 channelService.js] [chat-server-1] channelService sendMessageByGroup route: onAdd, msg: {"user":"hahaha"}, groups: {"connector-server-1":["ailhc*1"]}, opts: undefined
[2021-02-18T11:22:01.754] [DEBUG] pinus - [chat-server-1 channelService.js] [chat-server-1] channelService sendMessageByGroup route: onChat, msg: {"msg":"fff","from":"hahaha","target":"*"}, groups: {"connector-server-1":["ailhc*1","hahaha*1"]}, opts: undefined
[2021-02-18T11:22:07.691] [DEBUG] pinus - [chat-server-1 channelService.js] [chat-server-1] channelService sendMessageByGroup route: onChat, msg: {"msg":"ffdsafa","from":"ailhc","target":"*"}, groups: {"connector-server-1":["ailhc*1","hahaha*1"]}, opts: undefined
[2021-02-18T11:22:13.243] [DEBUG] pinus - [chat-server-1 channelService.js] [chat-server-1] channelService sendMessageByGroup route: onChat, msg: {"msg":"111","from":"ailhc","target":"hahaha"}, groups: {"connector-server-1":["hahaha*1"]}, opts: undefined
[2021-02-18T11:24:19.441] [DEBUG] pinus - [chat-server-1 channelService.js] [chat-server-1] channelService sendMessageByGroup route: onLeave, msg: {"user":"hahaha"}, groups: {"connector-server-1":["ailhc*1"]}, opts: undefined
[2021-02-18T11:24:34.703] [DEBUG] pinus - [chat-server-1 channelService.js] [chat-server-1] channelService sendMessageByGroup route: onLeave, msg: {"user":"ailhc"}, groups: {}, opts: undefined
