[2021-02-18T20:31:35.680] [INFO] pinus - [connector-server-1 application.js] application inited: "connector-server-1"
[2021-02-18T20:31:35.816] [DEBUG] pinus - [connector-server-1 protobuf.js] ProtobufComponent options: { encoderCacheSize: 5242880, decodeCheckMsg: true }
[2021-02-18T20:31:36.453] [INFO] pinus - [connector-server-1 application.js] "connector-server-1" enter before start...
[2021-02-18T20:31:36.454] [INFO] pinus - [connector-server-1 application.js] "connector-server-1" enter start...
[2021-02-18T20:31:36.454] [INFO] logger - [connector-server-1 console] TestComponent  start connector-server-1
[2021-02-18T20:31:37.189] [WARN] logger - [connector-server-1 console] after start all server, use route dictionary :
 chat.chatHandler.send
connector.entryHandler.enter
connector.entryHandler.onUserLeave
gate.gateHandler.queryEntry
[2021-02-18T20:31:37.674] [INFO] pinus - [connector-server-1 application.js] "connector-server-1" enter after start...
[2021-02-18T20:31:37.680] [INFO] pinus - [connector-server-1 application.js] "connector-server-1" finish start
[2021-02-18T20:31:37.681] [INFO] pinus - [connector-server-1 application.js] "connector-server-1" startup in 1997 ms
[2021-02-18T20:42:57.264] [INFO] logger - [connector-server-1 console] TestComponent stop true connector-server-1
[2021-02-18T20:57:58.139] [INFO] pinus - [connector-server-1 application.js] application inited: "connector-server-1"
[2021-02-18T20:57:58.268] [DEBUG] pinus - [connector-server-1 protobuf.js] ProtobufComponent options: { encoderCacheSize: 5242880, decodeCheckMsg: true }
[2021-02-18T20:57:59.004] [INFO] pinus - [connector-server-1 application.js] "connector-server-1" enter before start...
[2021-02-18T20:57:59.005] [INFO] pinus - [connector-server-1 application.js] "connector-server-1" enter start...
[2021-02-18T20:57:59.006] [INFO] logger - [connector-server-1 console] TestComponent  start connector-server-1
[2021-02-18T20:57:59.932] [WARN] logger - [connector-server-1 console] after start all server, use route dictionary :
 chat.chatHandler.send
connector.entryHandler.enter
connector.entryHandler.onUserLeave
gate.gateHandler.queryEntry
[2021-02-18T20:58:00.216] [INFO] pinus - [connector-server-1 application.js] "connector-server-1" enter after start...
[2021-02-18T20:58:00.219] [INFO] pinus - [connector-server-1 application.js] "connector-server-1" finish start
[2021-02-18T20:58:00.220] [INFO] pinus - [connector-server-1 application.js] "connector-server-1" startup in 2071 ms
